{"/Users/rubenhdzal/Documents/Documents - Ruben’s MacBook Pro/PLATZI/PROYECTOS2.0/FrontendMentorChallenges/InvoiceApp/project/invoice-app/src/App.tsx": {"path":"/Users/rubenhdzal/Documents/Documents - Ruben’s MacBook Pro/PLATZI/PROYECTOS2.0/FrontendMentorChallenges/InvoiceApp/project/invoice-app/src/App.tsx","statementMap":{"0":{"start":{"line":22,"column":28},"end":{"line":22,"column":43}},"1":{"start":{"line":23,"column":2},"end":{"line":25,"column":14}},"2":{"start":{"line":24,"column":4},"end":{"line":24,"column":72}},"3":{"start":{"line":27,"column":2},"end":{"line":38,"column":4}},"4":{"start":{"line":42,"column":2},"end":{"line":46,"column":4}},"5":{"start":{"line":50,"column":23},"end":{"line":50,"column":32}},"6":{"start":{"line":51,"column":2},"end":{"line":51,"column":44}},"7":{"start":{"line":51,"column":17},"end":{"line":51,"column":44}},"8":{"start":{"line":53,"column":2},"end":{"line":82,"column":4}}},"fnMap":{"0":{"name":"ProtectedLayout","decl":{"start":{"line":21,"column":9},"end":{"line":21,"column":24}},"loc":{"start":{"line":21,"column":24},"end":{"line":39,"column":1}}},"1":{"name":"(anonymous_1)","decl":{"start":{"line":23,"column":12},"end":{"line":23,"column":15}},"loc":{"start":{"line":23,"column":17},"end":{"line":25,"column":3}}},"2":{"name":"AuthLayout","decl":{"start":{"line":41,"column":9},"end":{"line":41,"column":19}},"loc":{"start":{"line":41,"column":19},"end":{"line":47,"column":1}}},"3":{"name":"App","decl":{"start":{"line":49,"column":24},"end":{"line":49,"column":27}},"loc":{"start":{"line":49,"column":27},"end":{"line":83,"column":1}}},"4":{"name":"(anonymous_4)","decl":{"start":{"line":68,"column":74},"end":{"line":68,"column":76}},"loc":{"start":{"line":68,"column":78},"end":{"line":68,"column":80}}},"5":{"name":"(anonymous_5)","decl":{"start":{"line":68,"column":90},"end":{"line":68,"column":92}},"loc":{"start":{"line":68,"column":94},"end":{"line":68,"column":96}}}},"branchMap":{"0":{"loc":{"start":{"line":51,"column":2},"end":{"line":51,"column":44}},"type":"if","locations":[{"start":{"line":51,"column":2},"end":{"line":51,"column":44}}]}},"s":{"0":0,"1":0,"2":0,"3":0,"4":0,"5":0,"6":0,"7":0,"8":0},"f":{"0":0,"1":0,"2":0,"3":0,"4":0,"5":0},"b":{"0":[0]}}
,"/Users/rubenhdzal/Documents/Documents - Ruben’s MacBook Pro/PLATZI/PROYECTOS2.0/FrontendMentorChallenges/InvoiceApp/project/invoice-app/src/components/Header.tsx": {"path":"/Users/rubenhdzal/Documents/Documents - Ruben’s MacBook Pro/PLATZI/PROYECTOS2.0/FrontendMentorChallenges/InvoiceApp/project/invoice-app/src/components/Header.tsx","statementMap":{"0":{"start":{"line":15,"column":32},"end":{"line":43,"column":1}},"1":{"start":{"line":16,"column":4},"end":{"line":42,"column":6}}},"fnMap":{"0":{"name":"(anonymous_0)","decl":{"start":{"line":15,"column":32},"end":{"line":15,"column":33}},"loc":{"start":{"line":15,"column":63},"end":{"line":43,"column":1}}}},"branchMap":{"0":{"loc":{"start":{"line":23,"column":21},"end":{"line":25,"column":42}},"type":"cond-expr","locations":[{"start":{"line":24,"column":26},"end":{"line":24,"column":43}},{"start":{"line":25,"column":26},"end":{"line":25,"column":42}}]}},"s":{"0":0,"1":0},"f":{"0":0},"b":{"0":[0,0]}}
,"/Users/rubenhdzal/Documents/Documents - Ruben’s MacBook Pro/PLATZI/PROYECTOS2.0/FrontendMentorChallenges/InvoiceApp/project/invoice-app/src/components/buttons/GoBackButton.tsx": {"path":"/Users/rubenhdzal/Documents/Documents - Ruben’s MacBook Pro/PLATZI/PROYECTOS2.0/FrontendMentorChallenges/InvoiceApp/project/invoice-app/src/components/buttons/GoBackButton.tsx","statementMap":{"0":{"start":{"line":5,"column":21},"end":{"line":15,"column":1}},"1":{"start":{"line":6,"column":21},"end":{"line":6,"column":34}},"2":{"start":{"line":7,"column":4},"end":{"line":14,"column":6}},"3":{"start":{"line":8,"column":85},"end":{"line":8,"column":97}}},"fnMap":{"0":{"name":"(anonymous_0)","decl":{"start":{"line":5,"column":21},"end":{"line":5,"column":24}},"loc":{"start":{"line":5,"column":26},"end":{"line":15,"column":1}}},"1":{"name":"(anonymous_1)","decl":{"start":{"line":8,"column":79},"end":{"line":8,"column":82}},"loc":{"start":{"line":8,"column":85},"end":{"line":8,"column":97}}}},"branchMap":{},"s":{"0":0,"1":0,"2":0,"3":0},"f":{"0":0,"1":0},"b":{}}
,"/Users/rubenhdzal/Documents/Documents - Ruben’s MacBook Pro/PLATZI/PROYECTOS2.0/FrontendMentorChallenges/InvoiceApp/project/invoice-app/src/components/buttons/GoBackButtonHome.tsx": {"path":"/Users/rubenhdzal/Documents/Documents - Ruben’s MacBook Pro/PLATZI/PROYECTOS2.0/FrontendMentorChallenges/InvoiceApp/project/invoice-app/src/components/buttons/GoBackButtonHome.tsx","statementMap":{"0":{"start":{"line":5,"column":25},"end":{"line":15,"column":1}},"1":{"start":{"line":6,"column":21},"end":{"line":6,"column":34}},"2":{"start":{"line":7,"column":4},"end":{"line":14,"column":6}},"3":{"start":{"line":8,"column":93},"end":{"line":8,"column":106}}},"fnMap":{"0":{"name":"(anonymous_0)","decl":{"start":{"line":5,"column":25},"end":{"line":5,"column":28}},"loc":{"start":{"line":5,"column":30},"end":{"line":15,"column":1}}},"1":{"name":"(anonymous_1)","decl":{"start":{"line":8,"column":87},"end":{"line":8,"column":90}},"loc":{"start":{"line":8,"column":93},"end":{"line":8,"column":106}}}},"branchMap":{},"s":{"0":0,"1":0,"2":0,"3":0},"f":{"0":0,"1":0},"b":{}}
,"/Users/rubenhdzal/Documents/Documents - Ruben’s MacBook Pro/PLATZI/PROYECTOS2.0/FrontendMentorChallenges/InvoiceApp/project/invoice-app/src/components/buttons/NewInvoiceButton.tsx": {"path":"/Users/rubenhdzal/Documents/Documents - Ruben’s MacBook Pro/PLATZI/PROYECTOS2.0/FrontendMentorChallenges/InvoiceApp/project/invoice-app/src/components/buttons/NewInvoiceButton.tsx","statementMap":{"0":{"start":{"line":6,"column":25},"end":{"line":24,"column":1}},"1":{"start":{"line":7,"column":21},"end":{"line":7,"column":34}},"2":{"start":{"line":9,"column":4},"end":{"line":23,"column":6}},"3":{"start":{"line":13,"column":31},"end":{"line":13,"column":58}}},"fnMap":{"0":{"name":"(anonymous_0)","decl":{"start":{"line":6,"column":25},"end":{"line":6,"column":28}},"loc":{"start":{"line":6,"column":30},"end":{"line":24,"column":1}}},"1":{"name":"(anonymous_1)","decl":{"start":{"line":13,"column":25},"end":{"line":13,"column":28}},"loc":{"start":{"line":13,"column":31},"end":{"line":13,"column":58}}}},"branchMap":{},"s":{"0":0,"1":0,"2":0,"3":0},"f":{"0":0,"1":0},"b":{}}
,"/Users/rubenhdzal/Documents/Documents - Ruben’s MacBook Pro/PLATZI/PROYECTOS2.0/FrontendMentorChallenges/InvoiceApp/project/invoice-app/src/components/invoice/EmptyInvoices.tsx": {"path":"/Users/rubenhdzal/Documents/Documents - Ruben’s MacBook Pro/PLATZI/PROYECTOS2.0/FrontendMentorChallenges/InvoiceApp/project/invoice-app/src/components/invoice/EmptyInvoices.tsx","statementMap":{"0":{"start":{"line":5,"column":22},"end":{"line":48,"column":1}},"1":{"start":{"line":6,"column":21},"end":{"line":6,"column":30}},"2":{"start":{"line":7,"column":22},"end":{"line":7,"column":48}},"3":{"start":{"line":9,"column":4},"end":{"line":47,"column":6}}},"fnMap":{"0":{"name":"(anonymous_0)","decl":{"start":{"line":5,"column":22},"end":{"line":5,"column":25}},"loc":{"start":{"line":5,"column":27},"end":{"line":48,"column":1}}}},"branchMap":{"0":{"loc":{"start":{"line":7,"column":22},"end":{"line":7,"column":48}},"type":"binary-expr","locations":[{"start":{"line":7,"column":22},"end":{"line":7,"column":37}},{"start":{"line":7,"column":41},"end":{"line":7,"column":48}}]},"1":{"loc":{"start":{"line":7,"column":22},"end":{"line":7,"column":37}},"type":"cond-expr","locations":[{"start":{"line":7,"column":26},"end":{"line":7,"column":28}},{"start":{"line":7,"column":22},"end":{"line":7,"column":37}}]},"2":{"loc":{"start":{"line":7,"column":22},"end":{"line":7,"column":28}},"type":"binary-expr","locations":[{"start":{"line":7,"column":22},"end":{"line":7,"column":28}},{"start":{"line":7,"column":22},"end":{"line":7,"column":28}}]}},"s":{"0":0,"1":0,"2":0,"3":0},"f":{"0":0},"b":{"0":[0,0],"1":[0,0],"2":[0,0]}}
,"/Users/rubenhdzal/Documents/Documents - Ruben’s MacBook Pro/PLATZI/PROYECTOS2.0/FrontendMentorChallenges/InvoiceApp/project/invoice-app/src/components/invoice/FilterDropdown.tsx": {"path":"/Users/rubenhdzal/Documents/Documents - Ruben’s MacBook Pro/PLATZI/PROYECTOS2.0/FrontendMentorChallenges/InvoiceApp/project/invoice-app/src/components/invoice/FilterDropdown.tsx","statementMap":{"0":{"start":{"line":7,"column":27},"end":{"line":7,"column":62}},"1":{"start":{"line":9,"column":23},"end":{"line":50,"column":1}},"2":{"start":{"line":10,"column":32},"end":{"line":10,"column":47}},"3":{"start":{"line":11,"column":20},"end":{"line":11,"column":61}},"4":{"start":{"line":11,"column":47},"end":{"line":11,"column":60}},"5":{"start":{"line":12,"column":25},"end":{"line":12,"column":71}},"6":{"start":{"line":12,"column":52},"end":{"line":12,"column":70}},"7":{"start":{"line":14,"column":27},"end":{"line":16,"column":5}},"8":{"start":{"line":15,"column":8},"end":{"line":15,"column":35}},"9":{"start":{"line":15,"column":28},"end":{"line":15,"column":33}},"10":{"start":{"line":18,"column":4},"end":{"line":49,"column":null}},"11":{"start":{"line":32,"column":24},"end":{"line":43,"column":null}},"12":{"start":{"line":40,"column":48},"end":{"line":40,"column":68}}},"fnMap":{"0":{"name":"(anonymous_0)","decl":{"start":{"line":9,"column":23},"end":{"line":9,"column":26}},"loc":{"start":{"line":9,"column":28},"end":{"line":50,"column":1}}},"1":{"name":"(anonymous_1)","decl":{"start":{"line":11,"column":36},"end":{"line":11,"column":37}},"loc":{"start":{"line":11,"column":47},"end":{"line":11,"column":60}}},"2":{"name":"(anonymous_2)","decl":{"start":{"line":12,"column":41},"end":{"line":12,"column":42}},"loc":{"start":{"line":12,"column":52},"end":{"line":12,"column":70}}},"3":{"name":"(anonymous_3)","decl":{"start":{"line":14,"column":27},"end":{"line":14,"column":30}},"loc":{"start":{"line":14,"column":32},"end":{"line":16,"column":5}}},"4":{"name":"(anonymous_4)","decl":{"start":{"line":15,"column":18},"end":{"line":15,"column":19}},"loc":{"start":{"line":15,"column":28},"end":{"line":15,"column":33}}},"5":{"name":"(anonymous_5)","decl":{"start":{"line":31,"column":34},"end":{"line":31,"column":35}},"loc":{"start":{"line":32,"column":24},"end":{"line":43,"column":null}}},"6":{"name":"(anonymous_6)","decl":{"start":{"line":40,"column":42},"end":{"line":40,"column":45}},"loc":{"start":{"line":40,"column":48},"end":{"line":40,"column":68}}}},"branchMap":{"0":{"loc":{"start":{"line":27,"column":21},"end":{"line":27,"column":109}},"type":"cond-expr","locations":[{"start":{"line":27,"column":30},"end":{"line":27,"column":70}},{"start":{"line":27,"column":73},"end":{"line":27,"column":109}}]},"1":{"loc":{"start":{"line":29,"column":13},"end":{"line":46,"column":null}},"type":"binary-expr","locations":[{"start":{"line":29,"column":13},"end":{"line":29,"column":19}},{"start":{"line":30,"column":16},"end":{"line":45,"column":null}}]}},"s":{"0":0,"1":0,"2":0,"3":0,"4":0,"5":0,"6":0,"7":0,"8":0,"9":0,"10":0,"11":0,"12":0},"f":{"0":0,"1":0,"2":0,"3":0,"4":0,"5":0,"6":0},"b":{"0":[0,0],"1":[0,0]}}
,"/Users/rubenhdzal/Documents/Documents - Ruben’s MacBook Pro/PLATZI/PROYECTOS2.0/FrontendMentorChallenges/InvoiceApp/project/invoice-app/src/components/invoice/InvoiceCard.tsx": {"path":"/Users/rubenhdzal/Documents/Documents - Ruben’s MacBook Pro/PLATZI/PROYECTOS2.0/FrontendMentorChallenges/InvoiceApp/project/invoice-app/src/components/invoice/InvoiceCard.tsx","statementMap":{"0":{"start":{"line":14,"column":52},"end":{"line":62,"column":1}},"1":{"start":{"line":15,"column":55},"end":{"line":15,"column":62}},"2":{"start":{"line":16,"column":19},"end":{"line":16,"column":32}},"3":{"start":{"line":17,"column":15},"end":{"line":17,"column":53}},"4":{"start":{"line":19,"column":28},"end":{"line":21,"column":3}},"5":{"start":{"line":20,"column":4},"end":{"line":20,"column":31}},"6":{"start":{"line":23,"column":2},"end":{"line":61,"column":4}}},"fnMap":{"0":{"name":"(anonymous_0)","decl":{"start":{"line":14,"column":52},"end":{"line":14,"column":53}},"loc":{"start":{"line":14,"column":68},"end":{"line":62,"column":1}}},"1":{"name":"(anonymous_1)","decl":{"start":{"line":19,"column":28},"end":{"line":19,"column":31}},"loc":{"start":{"line":19,"column":33},"end":{"line":21,"column":3}}}},"branchMap":{"0":{"loc":{"start":{"line":38,"column":12},"end":{"line":40,"column":46}},"type":"cond-expr","locations":[{"start":{"line":39,"column":14},"end":{"line":39,"column":46}},{"start":{"line":40,"column":14},"end":{"line":40,"column":46}}]},"1":{"loc":{"start":{"line":53,"column":14},"end":{"line":55,"column":48}},"type":"cond-expr","locations":[{"start":{"line":54,"column":16},"end":{"line":54,"column":48}},{"start":{"line":55,"column":16},"end":{"line":55,"column":48}}]}},"s":{"0":0,"1":0,"2":0,"3":0,"4":0,"5":0,"6":0},"f":{"0":0,"1":0},"b":{"0":[0,0],"1":[0,0]}}
,"/Users/rubenhdzal/Documents/Documents - Ruben’s MacBook Pro/PLATZI/PROYECTOS2.0/FrontendMentorChallenges/InvoiceApp/project/invoice-app/src/components/invoice/InvoiceHeader.tsx": {"path":"/Users/rubenhdzal/Documents/Documents - Ruben’s MacBook Pro/PLATZI/PROYECTOS2.0/FrontendMentorChallenges/InvoiceApp/project/invoice-app/src/components/invoice/InvoiceHeader.tsx","statementMap":{"0":{"start":{"line":9,"column":52},"end":{"line":25,"column":1}},"1":{"start":{"line":10,"column":4},"end":{"line":24,"column":6}}},"fnMap":{"0":{"name":"(anonymous_0)","decl":{"start":{"line":9,"column":52},"end":{"line":9,"column":53}},"loc":{"start":{"line":9,"column":73},"end":{"line":25,"column":1}}}},"branchMap":{},"s":{"0":0,"1":0},"f":{"0":0},"b":{}}
,"/Users/rubenhdzal/Documents/Documents - Ruben’s MacBook Pro/PLATZI/PROYECTOS2.0/FrontendMentorChallenges/InvoiceApp/project/invoice-app/src/components/invoice/NotFoundInvoice.tsx": {"path":"/Users/rubenhdzal/Documents/Documents - Ruben’s MacBook Pro/PLATZI/PROYECTOS2.0/FrontendMentorChallenges/InvoiceApp/project/invoice-app/src/components/invoice/NotFoundInvoice.tsx","statementMap":{"0":{"start":{"line":4,"column":24},"end":{"line":12,"column":1}},"1":{"start":{"line":5,"column":4},"end":{"line":11,"column":null}}},"fnMap":{"0":{"name":"(anonymous_0)","decl":{"start":{"line":4,"column":24},"end":{"line":4,"column":27}},"loc":{"start":{"line":4,"column":29},"end":{"line":12,"column":1}}}},"branchMap":{},"s":{"0":0,"1":0},"f":{"0":0},"b":{}}
,"/Users/rubenhdzal/Documents/Documents - Ruben’s MacBook Pro/PLATZI/PROYECTOS2.0/FrontendMentorChallenges/InvoiceApp/project/invoice-app/src/components/invoiceForms/BillFromSection.tsx": {"path":"/Users/rubenhdzal/Documents/Documents - Ruben’s MacBook Pro/PLATZI/PROYECTOS2.0/FrontendMentorChallenges/InvoiceApp/project/invoice-app/src/components/invoiceForms/BillFromSection.tsx","statementMap":{"0":{"start":{"line":11,"column":24},"end":{"line":119,"column":1}},"1":{"start":{"line":12,"column":4},"end":{"line":118,"column":null}},"2":{"start":{"line":21,"column":43},"end":{"line":37,"column":null}},"3":{"start":{"line":45,"column":47},"end":{"line":63,"column":null}},"4":{"start":{"line":70,"column":47},"end":{"line":88,"column":null}},"5":{"start":{"line":95,"column":47},"end":{"line":113,"column":null}}},"fnMap":{"0":{"name":"(anonymous_0)","decl":{"start":{"line":11,"column":24},"end":{"line":11,"column":25}},"loc":{"start":{"line":11,"column":55},"end":{"line":119,"column":1}}},"1":{"name":"(anonymous_1)","decl":{"start":{"line":21,"column":28},"end":{"line":21,"column":29}},"loc":{"start":{"line":21,"column":42},"end":{"line":37,"column":null}}},"2":{"name":"(anonymous_2)","decl":{"start":{"line":45,"column":32},"end":{"line":45,"column":33}},"loc":{"start":{"line":45,"column":46},"end":{"line":63,"column":null}}},"3":{"name":"(anonymous_3)","decl":{"start":{"line":70,"column":32},"end":{"line":70,"column":33}},"loc":{"start":{"line":70,"column":46},"end":{"line":88,"column":null}}},"4":{"name":"(anonymous_4)","decl":{"start":{"line":95,"column":32},"end":{"line":95,"column":33}},"loc":{"start":{"line":95,"column":46},"end":{"line":113,"column":null}}}},"branchMap":{"0":{"loc":{"start":{"line":24,"column":34},"end":{"line":24,"column":97}},"type":"cond-expr","locations":[{"start":{"line":24,"column":65},"end":{"line":24,"column":79}},{"start":{"line":24,"column":82},"end":{"line":24,"column":97}}]},"1":{"loc":{"start":{"line":24,"column":34},"end":{"line":24,"column":62}},"type":"cond-expr","locations":[{"start":{"line":24,"column":54},"end":{"line":24,"column":56}},{"start":{"line":24,"column":54},"end":{"line":24,"column":62}}]},"2":{"loc":{"start":{"line":24,"column":34},"end":{"line":24,"column":56}},"type":"binary-expr","locations":[{"start":{"line":24,"column":34},"end":{"line":24,"column":56}},{"start":{"line":24,"column":54},"end":{"line":24,"column":56}}]},"3":{"loc":{"start":{"line":31,"column":34},"end":{"line":33,"column":null}},"type":"cond-expr","locations":[{"start":{"line":32,"column":38},"end":{"line":32,"column":97}},{"start":{"line":33,"column":38},"end":{"line":33,"column":null}}]},"4":{"loc":{"start":{"line":31,"column":34},"end":{"line":31,"column":62}},"type":"cond-expr","locations":[{"start":{"line":31,"column":54},"end":{"line":31,"column":56}},{"start":{"line":31,"column":54},"end":{"line":31,"column":62}}]},"5":{"loc":{"start":{"line":31,"column":34},"end":{"line":31,"column":56}},"type":"binary-expr","locations":[{"start":{"line":31,"column":34},"end":{"line":31,"column":56}},{"start":{"line":31,"column":54},"end":{"line":31,"column":56}}]},"6":{"loc":{"start":{"line":49,"column":42},"end":{"line":49,"column":103}},"type":"cond-expr","locations":[{"start":{"line":49,"column":71},"end":{"line":49,"column":85}},{"start":{"line":49,"column":88},"end":{"line":49,"column":103}}]},"7":{"loc":{"start":{"line":49,"column":42},"end":{"line":49,"column":68}},"type":"cond-expr","locations":[{"start":{"line":49,"column":62},"end":{"line":49,"column":64}},{"start":{"line":49,"column":62},"end":{"line":49,"column":68}}]},"8":{"loc":{"start":{"line":49,"column":42},"end":{"line":49,"column":64}},"type":"binary-expr","locations":[{"start":{"line":49,"column":42},"end":{"line":49,"column":64}},{"start":{"line":49,"column":62},"end":{"line":49,"column":64}}]},"9":{"loc":{"start":{"line":56,"column":42},"end":{"line":58,"column":112}},"type":"cond-expr","locations":[{"start":{"line":57,"column":46},"end":{"line":57,"column":105}},{"start":{"line":58,"column":46},"end":{"line":58,"column":112}}]},"10":{"loc":{"start":{"line":56,"column":42},"end":{"line":56,"column":70}},"type":"cond-expr","locations":[{"start":{"line":56,"column":62},"end":{"line":56,"column":64}},{"start":{"line":56,"column":62},"end":{"line":56,"column":70}}]},"11":{"loc":{"start":{"line":56,"column":42},"end":{"line":56,"column":64}},"type":"binary-expr","locations":[{"start":{"line":56,"column":42},"end":{"line":56,"column":64}},{"start":{"line":56,"column":62},"end":{"line":56,"column":64}}]},"12":{"loc":{"start":{"line":74,"column":42},"end":{"line":74,"column":107}},"type":"cond-expr","locations":[{"start":{"line":74,"column":75},"end":{"line":74,"column":89}},{"start":{"line":74,"column":92},"end":{"line":74,"column":107}}]},"13":{"loc":{"start":{"line":74,"column":42},"end":{"line":74,"column":72}},"type":"cond-expr","locations":[{"start":{"line":74,"column":62},"end":{"line":74,"column":64}},{"start":{"line":74,"column":62},"end":{"line":74,"column":72}}]},"14":{"loc":{"start":{"line":74,"column":42},"end":{"line":74,"column":64}},"type":"binary-expr","locations":[{"start":{"line":74,"column":42},"end":{"line":74,"column":64}},{"start":{"line":74,"column":62},"end":{"line":74,"column":64}}]},"15":{"loc":{"start":{"line":81,"column":42},"end":{"line":83,"column":112}},"type":"cond-expr","locations":[{"start":{"line":82,"column":46},"end":{"line":82,"column":105}},{"start":{"line":83,"column":46},"end":{"line":83,"column":112}}]},"16":{"loc":{"start":{"line":81,"column":42},"end":{"line":81,"column":72}},"type":"cond-expr","locations":[{"start":{"line":81,"column":62},"end":{"line":81,"column":64}},{"start":{"line":81,"column":62},"end":{"line":81,"column":72}}]},"17":{"loc":{"start":{"line":81,"column":42},"end":{"line":81,"column":64}},"type":"binary-expr","locations":[{"start":{"line":81,"column":42},"end":{"line":81,"column":64}},{"start":{"line":81,"column":62},"end":{"line":81,"column":64}}]},"18":{"loc":{"start":{"line":99,"column":42},"end":{"line":99,"column":106}},"type":"cond-expr","locations":[{"start":{"line":99,"column":74},"end":{"line":99,"column":88}},{"start":{"line":99,"column":91},"end":{"line":99,"column":106}}]},"19":{"loc":{"start":{"line":99,"column":42},"end":{"line":99,"column":71}},"type":"cond-expr","locations":[{"start":{"line":99,"column":62},"end":{"line":99,"column":64}},{"start":{"line":99,"column":62},"end":{"line":99,"column":71}}]},"20":{"loc":{"start":{"line":99,"column":42},"end":{"line":99,"column":64}},"type":"binary-expr","locations":[{"start":{"line":99,"column":42},"end":{"line":99,"column":64}},{"start":{"line":99,"column":62},"end":{"line":99,"column":64}}]},"21":{"loc":{"start":{"line":106,"column":38},"end":{"line":108,"column":108}},"type":"cond-expr","locations":[{"start":{"line":107,"column":42},"end":{"line":107,"column":101}},{"start":{"line":108,"column":42},"end":{"line":108,"column":108}}]},"22":{"loc":{"start":{"line":106,"column":38},"end":{"line":106,"column":67}},"type":"cond-expr","locations":[{"start":{"line":106,"column":58},"end":{"line":106,"column":60}},{"start":{"line":106,"column":58},"end":{"line":106,"column":67}}]},"23":{"loc":{"start":{"line":106,"column":38},"end":{"line":106,"column":60}},"type":"binary-expr","locations":[{"start":{"line":106,"column":38},"end":{"line":106,"column":60}},{"start":{"line":106,"column":58},"end":{"line":106,"column":60}}]}},"s":{"0":0,"1":0,"2":0,"3":0,"4":0,"5":0},"f":{"0":0,"1":0,"2":0,"3":0,"4":0},"b":{"0":[0,0],"1":[0,0],"2":[0,0],"3":[0,0],"4":[0,0],"5":[0,0],"6":[0,0],"7":[0,0],"8":[0,0],"9":[0,0],"10":[0,0],"11":[0,0],"12":[0,0],"13":[0,0],"14":[0,0],"15":[0,0],"16":[0,0],"17":[0,0],"18":[0,0],"19":[0,0],"20":[0,0],"21":[0,0],"22":[0,0],"23":[0,0]}}
,"/Users/rubenhdzal/Documents/Documents - Ruben’s MacBook Pro/PLATZI/PROYECTOS2.0/FrontendMentorChallenges/InvoiceApp/project/invoice-app/src/components/invoiceForms/BillToSection.tsx": {"path":"/Users/rubenhdzal/Documents/Documents - Ruben’s MacBook Pro/PLATZI/PROYECTOS2.0/FrontendMentorChallenges/InvoiceApp/project/invoice-app/src/components/invoiceForms/BillToSection.tsx","statementMap":{"0":{"start":{"line":10,"column":22},"end":{"line":115,"column":1}},"1":{"start":{"line":11,"column":4},"end":{"line":114,"column":null}}},"fnMap":{"0":{"name":"(anonymous_0)","decl":{"start":{"line":10,"column":22},"end":{"line":10,"column":23}},"loc":{"start":{"line":10,"column":54},"end":{"line":115,"column":1}}}},"branchMap":{"0":{"loc":{"start":{"line":18,"column":28},"end":{"line":18,"column":null}},"type":"cond-expr","locations":[{"start":{"line":18,"column":48},"end":{"line":18,"column":62}},{"start":{"line":18,"column":65},"end":{"line":18,"column":null}}]},"1":{"loc":{"start":{"line":26,"column":26},"end":{"line":28,"column":null}},"type":"cond-expr","locations":[{"start":{"line":27,"column":30},"end":{"line":27,"column":89}},{"start":{"line":28,"column":30},"end":{"line":28,"column":null}}]},"2":{"loc":{"start":{"line":34,"column":28},"end":{"line":34,"column":null}},"type":"cond-expr","locations":[{"start":{"line":34,"column":49},"end":{"line":34,"column":63}},{"start":{"line":34,"column":66},"end":{"line":34,"column":null}}]},"3":{"loc":{"start":{"line":42,"column":26},"end":{"line":44,"column":null}},"type":"cond-expr","locations":[{"start":{"line":43,"column":30},"end":{"line":43,"column":89}},{"start":{"line":44,"column":30},"end":{"line":44,"column":null}}]},"4":{"loc":{"start":{"line":50,"column":28},"end":{"line":50,"column":null}},"type":"cond-expr","locations":[{"start":{"line":50,"column":51},"end":{"line":50,"column":65}},{"start":{"line":50,"column":68},"end":{"line":50,"column":null}}]},"5":{"loc":{"start":{"line":58,"column":26},"end":{"line":60,"column":null}},"type":"cond-expr","locations":[{"start":{"line":59,"column":30},"end":{"line":59,"column":89}},{"start":{"line":60,"column":30},"end":{"line":60,"column":null}}]},"6":{"loc":{"start":{"line":67,"column":28},"end":{"line":67,"column":null}},"type":"cond-expr","locations":[{"start":{"line":67,"column":57},"end":{"line":67,"column":71}},{"start":{"line":67,"column":74},"end":{"line":67,"column":null}}]},"7":{"loc":{"start":{"line":67,"column":28},"end":{"line":67,"column":54}},"type":"cond-expr","locations":[{"start":{"line":67,"column":48},"end":{"line":67,"column":50}},{"start":{"line":67,"column":48},"end":{"line":67,"column":54}}]},"8":{"loc":{"start":{"line":67,"column":28},"end":{"line":67,"column":50}},"type":"binary-expr","locations":[{"start":{"line":67,"column":28},"end":{"line":67,"column":50}},{"start":{"line":67,"column":48},"end":{"line":67,"column":50}}]},"9":{"loc":{"start":{"line":74,"column":30},"end":{"line":76,"column":null}},"type":"cond-expr","locations":[{"start":{"line":75,"column":34},"end":{"line":75,"column":93}},{"start":{"line":76,"column":34},"end":{"line":76,"column":null}}]},"10":{"loc":{"start":{"line":74,"column":30},"end":{"line":74,"column":56}},"type":"cond-expr","locations":[{"start":{"line":74,"column":50},"end":{"line":74,"column":52}},{"start":{"line":74,"column":50},"end":{"line":74,"column":56}}]},"11":{"loc":{"start":{"line":74,"column":30},"end":{"line":74,"column":52}},"type":"binary-expr","locations":[{"start":{"line":74,"column":30},"end":{"line":74,"column":52}},{"start":{"line":74,"column":50},"end":{"line":74,"column":52}}]},"12":{"loc":{"start":{"line":82,"column":28},"end":{"line":82,"column":null}},"type":"cond-expr","locations":[{"start":{"line":82,"column":61},"end":{"line":82,"column":75}},{"start":{"line":82,"column":78},"end":{"line":82,"column":null}}]},"13":{"loc":{"start":{"line":82,"column":28},"end":{"line":82,"column":58}},"type":"cond-expr","locations":[{"start":{"line":82,"column":48},"end":{"line":82,"column":50}},{"start":{"line":82,"column":48},"end":{"line":82,"column":58}}]},"14":{"loc":{"start":{"line":82,"column":28},"end":{"line":82,"column":50}},"type":"binary-expr","locations":[{"start":{"line":82,"column":28},"end":{"line":82,"column":50}},{"start":{"line":82,"column":48},"end":{"line":82,"column":50}}]},"15":{"loc":{"start":{"line":90,"column":30},"end":{"line":92,"column":null}},"type":"cond-expr","locations":[{"start":{"line":91,"column":34},"end":{"line":91,"column":93}},{"start":{"line":92,"column":34},"end":{"line":92,"column":null}}]},"16":{"loc":{"start":{"line":90,"column":30},"end":{"line":90,"column":60}},"type":"cond-expr","locations":[{"start":{"line":90,"column":50},"end":{"line":90,"column":52}},{"start":{"line":90,"column":50},"end":{"line":90,"column":60}}]},"17":{"loc":{"start":{"line":90,"column":30},"end":{"line":90,"column":52}},"type":"binary-expr","locations":[{"start":{"line":90,"column":30},"end":{"line":90,"column":52}},{"start":{"line":90,"column":50},"end":{"line":90,"column":52}}]},"18":{"loc":{"start":{"line":98,"column":24},"end":{"line":98,"column":null}},"type":"cond-expr","locations":[{"start":{"line":98,"column":56},"end":{"line":98,"column":70}},{"start":{"line":98,"column":73},"end":{"line":98,"column":null}}]},"19":{"loc":{"start":{"line":98,"column":24},"end":{"line":98,"column":53}},"type":"cond-expr","locations":[{"start":{"line":98,"column":44},"end":{"line":98,"column":46}},{"start":{"line":98,"column":44},"end":{"line":98,"column":53}}]},"20":{"loc":{"start":{"line":98,"column":24},"end":{"line":98,"column":46}},"type":"binary-expr","locations":[{"start":{"line":98,"column":24},"end":{"line":98,"column":46}},{"start":{"line":98,"column":44},"end":{"line":98,"column":46}}]},"21":{"loc":{"start":{"line":105,"column":26},"end":{"line":107,"column":null}},"type":"cond-expr","locations":[{"start":{"line":106,"column":30},"end":{"line":106,"column":89}},{"start":{"line":107,"column":30},"end":{"line":107,"column":null}}]},"22":{"loc":{"start":{"line":105,"column":26},"end":{"line":105,"column":55}},"type":"cond-expr","locations":[{"start":{"line":105,"column":46},"end":{"line":105,"column":48}},{"start":{"line":105,"column":46},"end":{"line":105,"column":55}}]},"23":{"loc":{"start":{"line":105,"column":26},"end":{"line":105,"column":48}},"type":"binary-expr","locations":[{"start":{"line":105,"column":26},"end":{"line":105,"column":48}},{"start":{"line":105,"column":46},"end":{"line":105,"column":48}}]}},"s":{"0":0,"1":0},"f":{"0":0},"b":{"0":[0,0],"1":[0,0],"2":[0,0],"3":[0,0],"4":[0,0],"5":[0,0],"6":[0,0],"7":[0,0],"8":[0,0],"9":[0,0],"10":[0,0],"11":[0,0],"12":[0,0],"13":[0,0],"14":[0,0],"15":[0,0],"16":[0,0],"17":[0,0],"18":[0,0],"19":[0,0],"20":[0,0],"21":[0,0],"22":[0,0],"23":[0,0]}}
,"/Users/rubenhdzal/Documents/Documents - Ruben’s MacBook Pro/PLATZI/PROYECTOS2.0/FrontendMentorChallenges/InvoiceApp/project/invoice-app/src/components/invoiceForms/DateTermsSection.tsx": {"path":"/Users/rubenhdzal/Documents/Documents - Ruben’s MacBook Pro/PLATZI/PROYECTOS2.0/FrontendMentorChallenges/InvoiceApp/project/invoice-app/src/components/invoiceForms/DateTermsSection.tsx","statementMap":{"0":{"start":{"line":10,"column":25},"end":{"line":62,"column":1}},"1":{"start":{"line":11,"column":4},"end":{"line":61,"column":null}}},"fnMap":{"0":{"name":"(anonymous_0)","decl":{"start":{"line":10,"column":25},"end":{"line":10,"column":26}},"loc":{"start":{"line":10,"column":57},"end":{"line":62,"column":1}}}},"branchMap":{"0":{"loc":{"start":{"line":46,"column":24},"end":{"line":46,"column":null}},"type":"cond-expr","locations":[{"start":{"line":46,"column":45},"end":{"line":46,"column":59}},{"start":{"line":46,"column":62},"end":{"line":46,"column":null}}]},"1":{"loc":{"start":{"line":53,"column":26},"end":{"line":55,"column":null}},"type":"cond-expr","locations":[{"start":{"line":54,"column":30},"end":{"line":54,"column":89}},{"start":{"line":55,"column":30},"end":{"line":55,"column":null}}]}},"s":{"0":0,"1":0},"f":{"0":0},"b":{"0":[0,0],"1":[0,0]}}
,"/Users/rubenhdzal/Documents/Documents - Ruben’s MacBook Pro/PLATZI/PROYECTOS2.0/FrontendMentorChallenges/InvoiceApp/project/invoice-app/src/components/invoiceForms/ItemsSection.tsx": {"path":"/Users/rubenhdzal/Documents/Documents - Ruben’s MacBook Pro/PLATZI/PROYECTOS2.0/FrontendMentorChallenges/InvoiceApp/project/invoice-app/src/components/invoiceForms/ItemsSection.tsx","statementMap":{"0":{"start":{"line":12,"column":21},"end":{"line":110,"column":1}},"1":{"start":{"line":18,"column":39},"end":{"line":21,"column":6}},"2":{"start":{"line":23,"column":25},"end":{"line":27,"column":6}},"3":{"start":{"line":30,"column":4},"end":{"line":109,"column":null}},"4":{"start":{"line":36,"column":56},"end":{"line":36,"column":81}},"5":{"start":{"line":37,"column":34},"end":{"line":37,"column":50}},"6":{"start":{"line":38,"column":20},"end":{"line":97,"column":22}},"7":{"start":{"line":91,"column":69},"end":{"line":91,"column":82}},"8":{"start":{"line":102,"column":35},"end":{"line":102,"column":88}}},"fnMap":{"0":{"name":"(anonymous_0)","decl":{"start":{"line":12,"column":21},"end":{"line":12,"column":22}},"loc":{"start":{"line":12,"column":62},"end":{"line":110,"column":1}}},"1":{"name":"(anonymous_1)","decl":{"start":{"line":35,"column":28},"end":{"line":35,"column":29}},"loc":{"start":{"line":35,"column":45},"end":{"line":98,"column":17}}},"2":{"name":"(anonymous_2)","decl":{"start":{"line":91,"column":63},"end":{"line":91,"column":66}},"loc":{"start":{"line":91,"column":69},"end":{"line":91,"column":82}}},"3":{"name":"(anonymous_3)","decl":{"start":{"line":102,"column":29},"end":{"line":102,"column":32}},"loc":{"start":{"line":102,"column":35},"end":{"line":102,"column":88}}}},"branchMap":{"0":{"loc":{"start":{"line":36,"column":28},"end":{"line":36,"column":40}},"type":"default-arg","locations":[{"start":{"line":36,"column":39},"end":{"line":36,"column":40}}]},"1":{"loc":{"start":{"line":36,"column":42},"end":{"line":36,"column":51}},"type":"default-arg","locations":[{"start":{"line":36,"column":50},"end":{"line":36,"column":51}}]},"2":{"loc":{"start":{"line":36,"column":56},"end":{"line":36,"column":81}},"type":"cond-expr","locations":[{"start":{"line":36,"column":75},"end":{"line":36,"column":79}},{"start":{"line":36,"column":79},"end":{"line":36,"column":81}}]},"3":{"loc":{"start":{"line":36,"column":56},"end":{"line":36,"column":79}},"type":"binary-expr","locations":[{"start":{"line":36,"column":56},"end":{"line":36,"column":79}},{"start":{"line":36,"column":75},"end":{"line":36,"column":79}}]},"4":{"loc":{"start":{"line":43,"column":32},"end":{"line":43,"column":null}},"type":"cond-expr","locations":[{"start":{"line":43,"column":62},"end":{"line":43,"column":76}},{"start":{"line":43,"column":79},"end":{"line":43,"column":null}}]},"5":{"loc":{"start":{"line":43,"column":32},"end":{"line":43,"column":59}},"type":"cond-expr","locations":[{"start":{"line":43,"column":53},"end":{"line":43,"column":55}},{"start":{"line":43,"column":53},"end":{"line":43,"column":59}}]},"6":{"loc":{"start":{"line":43,"column":32},"end":{"line":43,"column":55}},"type":"binary-expr","locations":[{"start":{"line":43,"column":32},"end":{"line":43,"column":55}},{"start":{"line":43,"column":53},"end":{"line":43,"column":55}}]},"7":{"loc":{"start":{"line":43,"column":32},"end":{"line":43,"column":53}},"type":"cond-expr","locations":[{"start":{"line":43,"column":44},"end":{"line":43,"column":47}},{"start":{"line":43,"column":44},"end":{"line":43,"column":53}}]},"8":{"loc":{"start":{"line":43,"column":32},"end":{"line":43,"column":47}},"type":"binary-expr","locations":[{"start":{"line":43,"column":32},"end":{"line":43,"column":47}},{"start":{"line":43,"column":44},"end":{"line":43,"column":47}}]},"9":{"loc":{"start":{"line":50,"column":34},"end":{"line":52,"column":null}},"type":"cond-expr","locations":[{"start":{"line":51,"column":38},"end":{"line":51,"column":97}},{"start":{"line":52,"column":38},"end":{"line":52,"column":null}}]},"10":{"loc":{"start":{"line":50,"column":34},"end":{"line":50,"column":61}},"type":"cond-expr","locations":[{"start":{"line":50,"column":55},"end":{"line":50,"column":57}},{"start":{"line":50,"column":55},"end":{"line":50,"column":61}}]},"11":{"loc":{"start":{"line":50,"column":34},"end":{"line":50,"column":57}},"type":"binary-expr","locations":[{"start":{"line":50,"column":34},"end":{"line":50,"column":57}},{"start":{"line":50,"column":55},"end":{"line":50,"column":57}}]},"12":{"loc":{"start":{"line":50,"column":34},"end":{"line":50,"column":55}},"type":"cond-expr","locations":[{"start":{"line":50,"column":46},"end":{"line":50,"column":49}},{"start":{"line":50,"column":46},"end":{"line":50,"column":55}}]},"13":{"loc":{"start":{"line":50,"column":34},"end":{"line":50,"column":49}},"type":"binary-expr","locations":[{"start":{"line":50,"column":34},"end":{"line":50,"column":49}},{"start":{"line":50,"column":46},"end":{"line":50,"column":49}}]}},"s":{"0":0,"1":0,"2":0,"3":0,"4":0,"5":0,"6":0,"7":0,"8":0},"f":{"0":0,"1":0,"2":0,"3":0},"b":{"0":[0],"1":[0],"2":[0,0],"3":[0,0],"4":[0,0],"5":[0,0],"6":[0,0],"7":[0,0],"8":[0,0],"9":[0,0],"10":[0,0],"11":[0,0],"12":[0,0],"13":[0,0]}}
,"/Users/rubenhdzal/Documents/Documents - Ruben’s MacBook Pro/PLATZI/PROYECTOS2.0/FrontendMentorChallenges/InvoiceApp/project/invoice-app/src/components/modals/ConfirmDeleteModal.tsx": {"path":"/Users/rubenhdzal/Documents/Documents - Ruben’s MacBook Pro/PLATZI/PROYECTOS2.0/FrontendMentorChallenges/InvoiceApp/project/invoice-app/src/components/modals/ConfirmDeleteModal.tsx","statementMap":{"0":{"start":{"line":10,"column":62},"end":{"line":31,"column":1}},"1":{"start":{"line":17,"column":4},"end":{"line":17,"column":29}},"2":{"start":{"line":17,"column":17},"end":{"line":17,"column":29}},"3":{"start":{"line":19,"column":4},"end":{"line":30,"column":null}}},"fnMap":{"0":{"name":"(anonymous_0)","decl":{"start":{"line":10,"column":62},"end":{"line":10,"column":63}},"loc":{"start":{"line":15,"column":7},"end":{"line":31,"column":1}}}},"branchMap":{"0":{"loc":{"start":{"line":17,"column":4},"end":{"line":17,"column":29}},"type":"if","locations":[{"start":{"line":17,"column":4},"end":{"line":17,"column":29}}]}},"s":{"0":0,"1":0,"2":0,"3":0},"f":{"0":0},"b":{"0":[0]}}
,"/Users/rubenhdzal/Documents/Documents - Ruben’s MacBook Pro/PLATZI/PROYECTOS2.0/FrontendMentorChallenges/InvoiceApp/project/invoice-app/src/hooks/Theme.ts": {"path":"/Users/rubenhdzal/Documents/Documents - Ruben’s MacBook Pro/PLATZI/PROYECTOS2.0/FrontendMentorChallenges/InvoiceApp/project/invoice-app/src/hooks/Theme.ts","statementMap":{"0":{"start":{"line":5,"column":22},"end":{"line":17,"column":3}},"1":{"start":{"line":8,"column":14},"end":{"line":17,"column":2}},"2":{"start":{"line":12,"column":4},"end":{"line":16,"column":6}},"3":{"start":{"line":13,"column":19},"end":{"line":13,"column":57}},"4":{"start":{"line":14,"column":6},"end":{"line":14,"column":null}},"5":{"start":{"line":15,"column":6},"end":{"line":15,"column":null}}},"fnMap":{"0":{"name":"(anonymous_0)","decl":{"start":{"line":8,"column":4},"end":{"line":8,"column":5}},"loc":{"start":{"line":8,"column":14},"end":{"line":17,"column":2}}},"1":{"name":"(anonymous_1)","decl":{"start":{"line":11,"column":10},"end":{"line":11,"column":13}},"loc":{"start":{"line":12,"column":4},"end":{"line":16,"column":6}}},"2":{"name":"(anonymous_2)","decl":{"start":{"line":12,"column":8},"end":{"line":12,"column":9}},"loc":{"start":{"line":12,"column":14},"end":{"line":16,"column":5}}}},"branchMap":{"0":{"loc":{"start":{"line":10,"column":10},"end":{"line":10,"column":60}},"type":"binary-expr","locations":[{"start":{"line":10,"column":10},"end":{"line":10,"column":49}},{"start":{"line":10,"column":53},"end":{"line":10,"column":60}}]},"1":{"loc":{"start":{"line":13,"column":19},"end":{"line":13,"column":57}},"type":"cond-expr","locations":[{"start":{"line":13,"column":41},"end":{"line":13,"column":47}},{"start":{"line":13,"column":50},"end":{"line":13,"column":57}}]}},"s":{"0":0,"1":0,"2":0,"3":0,"4":0,"5":0},"f":{"0":0,"1":0,"2":0},"b":{"0":[0,0],"1":[0,0]}}
,"/Users/rubenhdzal/Documents/Documents - Ruben’s MacBook Pro/PLATZI/PROYECTOS2.0/FrontendMentorChallenges/InvoiceApp/project/invoice-app/src/hooks/useMediaQuery.ts": {"path":"/Users/rubenhdzal/Documents/Documents - Ruben’s MacBook Pro/PLATZI/PROYECTOS2.0/FrontendMentorChallenges/InvoiceApp/project/invoice-app/src/hooks/useMediaQuery.ts","statementMap":{"0":{"start":{"line":8,"column":0},"end":{"line":8,"column":16}},"1":{"start":{"line":1,"column":0},"end":{"line":1,"column":44}},"2":{"start":{"line":10,"column":32},"end":{"line":11,"column":null}},"3":{"start":{"line":13,"column":2},"end":{"line":19,"column":14}},"4":{"start":{"line":14,"column":16},"end":{"line":14,"column":40}},"5":{"start":{"line":15,"column":21},"end":{"line":15,"column":50}},"6":{"start":{"line":15,"column":27},"end":{"line":15,"column":50}},"7":{"start":{"line":16,"column":4},"end":{"line":16,"column":45}},"8":{"start":{"line":18,"column":4},"end":{"line":18,"column":61}},"9":{"start":{"line":18,"column":17},"end":{"line":18,"column":60}},"10":{"start":{"line":21,"column":2},"end":{"line":21,"column":17}}},"fnMap":{"0":{"name":"useMediaQuery","decl":{"start":{"line":8,"column":16},"end":{"line":8,"column":29}},"loc":{"start":{"line":8,"column":43},"end":{"line":22,"column":1}}},"1":{"name":"(anonymous_1)","decl":{"start":{"line":13,"column":12},"end":{"line":13,"column":15}},"loc":{"start":{"line":13,"column":17},"end":{"line":19,"column":3}}},"2":{"name":"(anonymous_2)","decl":{"start":{"line":15,"column":21},"end":{"line":15,"column":24}},"loc":{"start":{"line":15,"column":27},"end":{"line":15,"column":50}}},"3":{"name":"(anonymous_3)","decl":{"start":{"line":18,"column":11},"end":{"line":18,"column":14}},"loc":{"start":{"line":18,"column":17},"end":{"line":18,"column":60}}}},"branchMap":{"0":{"loc":{"start":{"line":11,"column":4},"end":{"line":11,"column":76}},"type":"cond-expr","locations":[{"start":{"line":11,"column":36},"end":{"line":11,"column":68}},{"start":{"line":11,"column":71},"end":{"line":11,"column":76}}]}},"s":{"0":1,"1":1,"2":10,"3":10,"4":10,"5":10,"6":0,"7":10,"8":10,"9":10,"10":10},"f":{"0":10,"1":10,"2":0,"3":10},"b":{"0":[10,0]}}
,"/Users/rubenhdzal/Documents/Documents - Ruben’s MacBook Pro/PLATZI/PROYECTOS2.0/FrontendMentorChallenges/InvoiceApp/project/invoice-app/src/pages/SignInPage.tsx": {"path":"/Users/rubenhdzal/Documents/Documents - Ruben’s MacBook Pro/PLATZI/PROYECTOS2.0/FrontendMentorChallenges/InvoiceApp/project/invoice-app/src/pages/SignInPage.tsx","statementMap":{"0":{"start":{"line":5,"column":2},"end":{"line":59,"column":4}}},"fnMap":{"0":{"name":"SignInPage","decl":{"start":{"line":4,"column":24},"end":{"line":4,"column":34}},"loc":{"start":{"line":4,"column":34},"end":{"line":60,"column":1}}}},"branchMap":{},"s":{"0":0},"f":{"0":0},"b":{}}
,"/Users/rubenhdzal/Documents/Documents - Ruben’s MacBook Pro/PLATZI/PROYECTOS2.0/FrontendMentorChallenges/InvoiceApp/project/invoice-app/src/pages/SignUpPage.tsx": {"path":"/Users/rubenhdzal/Documents/Documents - Ruben’s MacBook Pro/PLATZI/PROYECTOS2.0/FrontendMentorChallenges/InvoiceApp/project/invoice-app/src/pages/SignUpPage.tsx","statementMap":{"0":{"start":{"line":5,"column":2},"end":{"line":78,"column":4}}},"fnMap":{"0":{"name":"SignUpPage","decl":{"start":{"line":4,"column":24},"end":{"line":4,"column":34}},"loc":{"start":{"line":4,"column":34},"end":{"line":79,"column":1}}}},"branchMap":{},"s":{"0":0},"f":{"0":0},"b":{}}
,"/Users/rubenhdzal/Documents/Documents - Ruben’s MacBook Pro/PLATZI/PROYECTOS2.0/FrontendMentorChallenges/InvoiceApp/project/invoice-app/src/pages/Welcome.tsx": {"path":"/Users/rubenhdzal/Documents/Documents - Ruben’s MacBook Pro/PLATZI/PROYECTOS2.0/FrontendMentorChallenges/InvoiceApp/project/invoice-app/src/pages/Welcome.tsx","statementMap":{"0":{"start":{"line":6,"column":2},"end":{"line":120,"column":4}}},"fnMap":{"0":{"name":"Welcome","decl":{"start":{"line":5,"column":24},"end":{"line":5,"column":31}},"loc":{"start":{"line":5,"column":31},"end":{"line":121,"column":1}}}},"branchMap":{},"s":{"0":0},"f":{"0":0},"b":{}}
,"/Users/rubenhdzal/Documents/Documents - Ruben’s MacBook Pro/PLATZI/PROYECTOS2.0/FrontendMentorChallenges/InvoiceApp/project/invoice-app/src/pages/forms/CreateInvoice.tsx": {"path":"/Users/rubenhdzal/Documents/Documents - Ruben’s MacBook Pro/PLATZI/PROYECTOS2.0/FrontendMentorChallenges/InvoiceApp/project/invoice-app/src/pages/forms/CreateInvoice.tsx","statementMap":{"0":{"start":{"line":15,"column":32},"end":{"line":132,"column":1}},"1":{"start":{"line":16,"column":21},"end":{"line":16,"column":34}},"2":{"start":{"line":17,"column":21},"end":{"line":17,"column":30}},"3":{"start":{"line":18,"column":23},"end":{"line":18,"column":59}},"4":{"start":{"line":18,"column":46},"end":{"line":18,"column":58}},"5":{"start":{"line":19,"column":26},"end":{"line":19,"column":65}},"6":{"start":{"line":19,"column":49},"end":{"line":19,"column":64}},"7":{"start":{"line":27,"column":8},"end":{"line":53,"column":6}},"8":{"start":{"line":55,"column":21},"end":{"line":90,"column":5}},"9":{"start":{"line":56,"column":8},"end":{"line":89,"column":9}},"10":{"start":{"line":58,"column":12},"end":{"line":62,"column":13}},"11":{"start":{"line":59,"column":16},"end":{"line":59,"column":59}},"12":{"start":{"line":60,"column":16},"end":{"line":60,"column":84}},"13":{"start":{"line":61,"column":16},"end":{"line":61,"column":23}},"14":{"start":{"line":65,"column":36},"end":{"line":68,"column":15}},"15":{"start":{"line":65,"column":59},"end":{"line":67,"column":null}},"16":{"start":{"line":70,"column":23},"end":{"line":70,"column":43}},"17":{"start":{"line":71,"column":12},"end":{"line":71,"column":53}},"18":{"start":{"line":74,"column":28},"end":{"line":78,"column":null}},"19":{"start":{"line":78,"column":61},"end":{"line":78,"column":77}},"20":{"start":{"line":81,"column":12},"end":{"line":81,"column":35}},"21":{"start":{"line":82,"column":12},"end":{"line":82,"column":34}},"22":{"start":{"line":84,"column":12},"end":{"line":84,"column":45}},"23":{"start":{"line":87,"column":12},"end":{"line":87,"column":55}},"24":{"start":{"line":88,"column":12},"end":{"line":88,"column":54}},"25":{"start":{"line":93,"column":4},"end":{"line":99,"column":5}},"26":{"start":{"line":94,"column":8},"end":{"line":98,"column":10}},"27":{"start":{"line":101,"column":4},"end":{"line":131,"column":6}},"28":{"start":{"line":115,"column":28},"end":{"line":115,"column":84}},"29":{"start":{"line":116,"column":28},"end":{"line":116,"column":50}}},"fnMap":{"0":{"name":"(anonymous_0)","decl":{"start":{"line":15,"column":32},"end":{"line":15,"column":35}},"loc":{"start":{"line":15,"column":37},"end":{"line":132,"column":1}}},"1":{"name":"(anonymous_1)","decl":{"start":{"line":18,"column":39},"end":{"line":18,"column":40}},"loc":{"start":{"line":18,"column":46},"end":{"line":18,"column":58}}},"2":{"name":"(anonymous_2)","decl":{"start":{"line":19,"column":42},"end":{"line":19,"column":43}},"loc":{"start":{"line":19,"column":49},"end":{"line":19,"column":64}}},"3":{"name":"(anonymous_3)","decl":{"start":{"line":55,"column":21},"end":{"line":55,"column":22}},"loc":{"start":{"line":55,"column":49},"end":{"line":90,"column":5}}},"4":{"name":"(anonymous_4)","decl":{"start":{"line":65,"column":51},"end":{"line":65,"column":55}},"loc":{"start":{"line":65,"column":59},"end":{"line":67,"column":null}}},"5":{"name":"(anonymous_5)","decl":{"start":{"line":78,"column":46},"end":{"line":78,"column":47}},"loc":{"start":{"line":78,"column":61},"end":{"line":78,"column":77}}},"6":{"name":"(anonymous_6)","decl":{"start":{"line":114,"column":33},"end":{"line":114,"column":36}},"loc":{"start":{"line":114,"column":38},"end":{"line":117,"column":25}}}},"branchMap":{"0":{"loc":{"start":{"line":58,"column":12},"end":{"line":62,"column":13}},"type":"if","locations":[{"start":{"line":58,"column":12},"end":{"line":62,"column":13}}]},"1":{"loc":{"start":{"line":93,"column":4},"end":{"line":99,"column":5}},"type":"if","locations":[{"start":{"line":93,"column":4},"end":{"line":99,"column":5}}]}},"s":{"0":0,"1":0,"2":0,"3":0,"4":0,"5":0,"6":0,"7":0,"8":0,"9":0,"10":0,"11":0,"12":0,"13":0,"14":0,"15":0,"16":0,"17":0,"18":0,"19":0,"20":0,"21":0,"22":0,"23":0,"24":0,"25":0,"26":0,"27":0,"28":0,"29":0},"f":{"0":0,"1":0,"2":0,"3":0,"4":0,"5":0,"6":0},"b":{"0":[0],"1":[0]}}
,"/Users/rubenhdzal/Documents/Documents - Ruben’s MacBook Pro/PLATZI/PROYECTOS2.0/FrontendMentorChallenges/InvoiceApp/project/invoice-app/src/pages/forms/EditInvoice.tsx": {"path":"/Users/rubenhdzal/Documents/Documents - Ruben’s MacBook Pro/PLATZI/PROYECTOS2.0/FrontendMentorChallenges/InvoiceApp/project/invoice-app/src/pages/forms/EditInvoice.tsx","statementMap":{"0":{"start":{"line":15,"column":25},"end":{"line":19,"column":2}},"1":{"start":{"line":21,"column":22},"end":{"line":25,"column":2}},"2":{"start":{"line":32,"column":48},"end":{"line":252,"column":1}},"3":{"start":{"line":33,"column":17},"end":{"line":33,"column":44}},"4":{"start":{"line":34,"column":19},"end":{"line":34,"column":32}},"5":{"start":{"line":35,"column":29},"end":{"line":35,"column":38}},"6":{"start":{"line":38,"column":26},"end":{"line":38,"column":67}},"7":{"start":{"line":38,"column":49},"end":{"line":38,"column":66}},"8":{"start":{"line":39,"column":24},"end":{"line":39,"column":63}},"9":{"start":{"line":39,"column":47},"end":{"line":39,"column":62}},"10":{"start":{"line":40,"column":25},"end":{"line":40,"column":65}},"11":{"start":{"line":40,"column":48},"end":{"line":40,"column":64}},"12":{"start":{"line":41,"column":24},"end":{"line":41,"column":63}},"13":{"start":{"line":41,"column":47},"end":{"line":41,"column":62}},"14":{"start":{"line":43,"column":21},"end":{"line":43,"column":56}},"15":{"start":{"line":46,"column":2},"end":{"line":51,"column":54}},"16":{"start":{"line":47,"column":4},"end":{"line":50,"column":5}},"17":{"start":{"line":48,"column":6},"end":{"line":48,"column":66}},"18":{"start":{"line":49,"column":6},"end":{"line":49,"column":30}},"19":{"start":{"line":54,"column":23},"end":{"line":54,"column":40}},"20":{"start":{"line":55,"column":18},"end":{"line":55,"column":59}},"21":{"start":{"line":55,"column":45},"end":{"line":55,"column":58}},"22":{"start":{"line":57,"column":2},"end":{"line":63,"column":5}},"23":{"start":{"line":71,"column":6},"end":{"line":84,"column":4}},"24":{"start":{"line":86,"column":2},"end":{"line":88,"column":23}},"25":{"start":{"line":87,"column":4},"end":{"line":87,"column":39}},"26":{"start":{"line":87,"column":17},"end":{"line":87,"column":39}},"27":{"start":{"line":91,"column":2},"end":{"line":97,"column":3}},"28":{"start":{"line":92,"column":4},"end":{"line":96,"column":6}},"29":{"start":{"line":100,"column":2},"end":{"line":118,"column":3}},"30":{"start":{"line":101,"column":4},"end":{"line":117,"column":6}},"31":{"start":{"line":110,"column":27},"end":{"line":110,"column":48}},"32":{"start":{"line":120,"column":19},"end":{"line":154,"column":3}},"33":{"start":{"line":121,"column":4},"end":{"line":153,"column":5}},"34":{"start":{"line":122,"column":6},"end":{"line":122,"column":60}},"35":{"start":{"line":124,"column":30},"end":{"line":127,"column":9}},"36":{"start":{"line":124,"column":55},"end":{"line":126,"column":null}},"37":{"start":{"line":129,"column":27},"end":{"line":129,"column":79}},"38":{"start":{"line":129,"column":62},"end":{"line":129,"column":75}},"39":{"start":{"line":131,"column":26},"end":{"line":135,"column":null}},"40":{"start":{"line":138,"column":6},"end":{"line":138,"column":76}},"41":{"start":{"line":140,"column":6},"end":{"line":140,"column":36}},"42":{"start":{"line":142,"column":6},"end":{"line":142,"column":64}},"43":{"start":{"line":144,"column":6},"end":{"line":148,"column":7}},"44":{"start":{"line":145,"column":8},"end":{"line":145,"column":17}},"45":{"start":{"line":147,"column":8},"end":{"line":147,"column":54}},"46":{"start":{"line":151,"column":6},"end":{"line":151,"column":68}},"47":{"start":{"line":152,"column":6},"end":{"line":152,"column":48}},"48":{"start":{"line":156,"column":23},"end":{"line":167,"column":3}},"49":{"start":{"line":157,"column":4},"end":{"line":166,"column":5}},"50":{"start":{"line":158,"column":6},"end":{"line":162,"column":7}},"51":{"start":{"line":159,"column":8},"end":{"line":159,"column":19}},"52":{"start":{"line":161,"column":8},"end":{"line":161,"column":30}},"53":{"start":{"line":164,"column":6},"end":{"line":164,"column":67}},"54":{"start":{"line":165,"column":6},"end":{"line":165,"column":28}},"55":{"start":{"line":170,"column":17},"end":{"line":170,"column":36}},"56":{"start":{"line":174,"column":4},"end":{"line":208,"column":null}},"57":{"start":{"line":213,"column":2},"end":{"line":251,"column":3}},"58":{"start":{"line":214,"column":4},"end":{"line":243,"column":6}},"59":{"start":{"line":246,"column":4},"end":{"line":250,"column":6}}},"fnMap":{"0":{"name":"(anonymous_0)","decl":{"start":{"line":32,"column":48},"end":{"line":32,"column":49}},"loc":{"start":{"line":32,"column":73},"end":{"line":252,"column":1}}},"1":{"name":"(anonymous_1)","decl":{"start":{"line":38,"column":42},"end":{"line":38,"column":43}},"loc":{"start":{"line":38,"column":49},"end":{"line":38,"column":66}}},"2":{"name":"(anonymous_2)","decl":{"start":{"line":39,"column":40},"end":{"line":39,"column":41}},"loc":{"start":{"line":39,"column":47},"end":{"line":39,"column":62}}},"3":{"name":"(anonymous_3)","decl":{"start":{"line":40,"column":41},"end":{"line":40,"column":42}},"loc":{"start":{"line":40,"column":48},"end":{"line":40,"column":64}}},"4":{"name":"(anonymous_4)","decl":{"start":{"line":41,"column":40},"end":{"line":41,"column":41}},"loc":{"start":{"line":41,"column":47},"end":{"line":41,"column":62}}},"5":{"name":"(anonymous_5)","decl":{"start":{"line":46,"column":12},"end":{"line":46,"column":15}},"loc":{"start":{"line":46,"column":17},"end":{"line":51,"column":3}}},"6":{"name":"(anonymous_6)","decl":{"start":{"line":55,"column":36},"end":{"line":55,"column":37}},"loc":{"start":{"line":55,"column":45},"end":{"line":55,"column":58}}},"7":{"name":"(anonymous_7)","decl":{"start":{"line":86,"column":12},"end":{"line":86,"column":15}},"loc":{"start":{"line":86,"column":17},"end":{"line":88,"column":3}}},"8":{"name":"(anonymous_8)","decl":{"start":{"line":110,"column":21},"end":{"line":110,"column":24}},"loc":{"start":{"line":110,"column":27},"end":{"line":110,"column":48}}},"9":{"name":"(anonymous_9)","decl":{"start":{"line":120,"column":19},"end":{"line":120,"column":20}},"loc":{"start":{"line":120,"column":47},"end":{"line":154,"column":3}}},"10":{"name":"(anonymous_10)","decl":{"start":{"line":124,"column":45},"end":{"line":124,"column":46}},"loc":{"start":{"line":124,"column":55},"end":{"line":126,"column":null}}},"11":{"name":"(anonymous_11)","decl":{"start":{"line":129,"column":50},"end":{"line":129,"column":51}},"loc":{"start":{"line":129,"column":62},"end":{"line":129,"column":75}}},"12":{"name":"(anonymous_12)","decl":{"start":{"line":156,"column":23},"end":{"line":156,"column":26}},"loc":{"start":{"line":156,"column":28},"end":{"line":167,"column":3}}}},"branchMap":{"0":{"loc":{"start":{"line":47,"column":4},"end":{"line":50,"column":5}},"type":"if","locations":[{"start":{"line":47,"column":4},"end":{"line":50,"column":5}}]},"1":{"loc":{"start":{"line":47,"column":8},"end":{"line":47,"column":42}},"type":"binary-expr","locations":[{"start":{"line":47,"column":8},"end":{"line":47,"column":16}},{"start":{"line":47,"column":20},"end":{"line":47,"column":24}},{"start":{"line":47,"column":28},"end":{"line":47,"column":42}}]},"2":{"loc":{"start":{"line":58,"column":12},"end":{"line":58,"column":20}},"type":"cond-expr","locations":[{"start":{"line":58,"column":16},"end":{"line":58,"column":18}},{"start":{"line":58,"column":12},"end":{"line":58,"column":20}}]},"3":{"loc":{"start":{"line":58,"column":12},"end":{"line":58,"column":18}},"type":"binary-expr","locations":[{"start":{"line":58,"column":12},"end":{"line":58,"column":18}},{"start":{"line":58,"column":12},"end":{"line":58,"column":18}}]},"4":{"loc":{"start":{"line":72,"column":19},"end":{"line":83,"column":null}},"type":"binary-expr","locations":[{"start":{"line":72,"column":19},"end":{"line":72,"column":26}},{"start":{"line":72,"column":30},"end":{"line":83,"column":null}}]},"5":{"loc":{"start":{"line":87,"column":4},"end":{"line":87,"column":39}},"type":"if","locations":[{"start":{"line":87,"column":4},"end":{"line":87,"column":39}}]},"6":{"loc":{"start":{"line":91,"column":2},"end":{"line":97,"column":3}},"type":"if","locations":[{"start":{"line":91,"column":2},"end":{"line":97,"column":3}}]},"7":{"loc":{"start":{"line":100,"column":2},"end":{"line":118,"column":3}},"type":"if","locations":[{"start":{"line":100,"column":2},"end":{"line":118,"column":3}}]},"8":{"loc":{"start":{"line":144,"column":6},"end":{"line":148,"column":7}},"type":"if","locations":[{"start":{"line":144,"column":6},"end":{"line":148,"column":7}},{"start":{"line":146,"column":13},"end":{"line":148,"column":7}}]},"9":{"loc":{"start":{"line":158,"column":6},"end":{"line":162,"column":7}},"type":"if","locations":[{"start":{"line":158,"column":6},"end":{"line":162,"column":7}},{"start":{"line":160,"column":13},"end":{"line":162,"column":7}}]},"10":{"loc":{"start":{"line":175,"column":7},"end":{"line":175,"column":38}},"type":"binary-expr","locations":[{"start":{"line":175,"column":7},"end":{"line":175,"column":18}},{"start":{"line":175,"column":22},"end":{"line":175,"column":38}}]},"11":{"loc":{"start":{"line":177,"column":7},"end":{"line":182,"column":null}},"type":"binary-expr","locations":[{"start":{"line":177,"column":7},"end":{"line":177,"column":17}},{"start":{"line":178,"column":9},"end":{"line":181,"column":null}}]},"12":{"loc":{"start":{"line":184,"column":7},"end":{"line":187,"column":null}},"type":"binary-expr","locations":[{"start":{"line":184,"column":7},"end":{"line":184,"column":18}},{"start":{"line":185,"column":8},"end":{"line":186,"column":null}}]},"13":{"loc":{"start":{"line":213,"column":2},"end":{"line":251,"column":3}},"type":"if","locations":[{"start":{"line":213,"column":2},"end":{"line":251,"column":3}},{"start":{"line":244,"column":9},"end":{"line":251,"column":3}}]}},"s":{"0":0,"1":0,"2":0,"3":0,"4":0,"5":0,"6":0,"7":0,"8":0,"9":0,"10":0,"11":0,"12":0,"13":0,"14":0,"15":0,"16":0,"17":0,"18":0,"19":0,"20":0,"21":0,"22":0,"23":0,"24":0,"25":0,"26":0,"27":0,"28":0,"29":0,"30":0,"31":0,"32":0,"33":0,"34":0,"35":0,"36":0,"37":0,"38":0,"39":0,"40":0,"41":0,"42":0,"43":0,"44":0,"45":0,"46":0,"47":0,"48":0,"49":0,"50":0,"51":0,"52":0,"53":0,"54":0,"55":0,"56":0,"57":0,"58":0,"59":0},"f":{"0":0,"1":0,"2":0,"3":0,"4":0,"5":0,"6":0,"7":0,"8":0,"9":0,"10":0,"11":0,"12":0},"b":{"0":[0],"1":[0,0,0],"2":[0,0],"3":[0,0],"4":[0,0],"5":[0],"6":[0],"7":[0],"8":[0,0],"9":[0,0],"10":[0,0],"11":[0,0],"12":[0,0],"13":[0,0]}}
,"/Users/rubenhdzal/Documents/Documents - Ruben’s MacBook Pro/PLATZI/PROYECTOS2.0/FrontendMentorChallenges/InvoiceApp/project/invoice-app/src/pages/invoices/InvoiceDetail.tsx": {"path":"/Users/rubenhdzal/Documents/Documents - Ruben’s MacBook Pro/PLATZI/PROYECTOS2.0/FrontendMentorChallenges/InvoiceApp/project/invoice-app/src/pages/invoices/InvoiceDetail.tsx","statementMap":{"0":{"start":{"line":15,"column":19},"end":{"line":19,"column":2}},"1":{"start":{"line":21,"column":17},"end":{"line":25,"column":2}},"2":{"start":{"line":27,"column":32},"end":{"line":327,"column":1}},"3":{"start":{"line":28,"column":19},"end":{"line":28,"column":46}},"4":{"start":{"line":29,"column":21},"end":{"line":29,"column":34}},"5":{"start":{"line":30,"column":31},"end":{"line":30,"column":40}},"6":{"start":{"line":33,"column":28},"end":{"line":33,"column":77}},"7":{"start":{"line":33,"column":55},"end":{"line":33,"column":76}},"8":{"start":{"line":34,"column":26},"end":{"line":34,"column":73}},"9":{"start":{"line":34,"column":53},"end":{"line":34,"column":72}},"10":{"start":{"line":35,"column":23},"end":{"line":35,"column":59}},"11":{"start":{"line":35,"column":46},"end":{"line":35,"column":58}},"12":{"start":{"line":36,"column":27},"end":{"line":36,"column":67}},"13":{"start":{"line":36,"column":50},"end":{"line":36,"column":66}},"14":{"start":{"line":37,"column":26},"end":{"line":37,"column":65}},"15":{"start":{"line":37,"column":49},"end":{"line":37,"column":64}},"16":{"start":{"line":39,"column":23},"end":{"line":39,"column":58}},"17":{"start":{"line":40,"column":40},"end":{"line":40,"column":55}},"18":{"start":{"line":41,"column":40},"end":{"line":41,"column":55}},"19":{"start":{"line":44,"column":4},"end":{"line":49,"column":56}},"20":{"start":{"line":45,"column":8},"end":{"line":48,"column":9}},"21":{"start":{"line":46,"column":12},"end":{"line":46,"column":74}},"22":{"start":{"line":47,"column":12},"end":{"line":47,"column":36}},"23":{"start":{"line":52,"column":25},"end":{"line":52,"column":42}},"24":{"start":{"line":53,"column":20},"end":{"line":53,"column":69}},"25":{"start":{"line":53,"column":51},"end":{"line":53,"column":68}},"26":{"start":{"line":55,"column":4},"end":{"line":61,"column":7}},"27":{"start":{"line":64,"column":26},"end":{"line":64,"column":110}},"28":{"start":{"line":64,"column":40},"end":{"line":64,"column":87}},"29":{"start":{"line":65,"column":32},"end":{"line":65,"column":118}},"30":{"start":{"line":65,"column":46},"end":{"line":65,"column":94}},"31":{"start":{"line":66,"column":19},"end":{"line":66,"column":79}},"32":{"start":{"line":66,"column":33},"end":{"line":66,"column":59}},"33":{"start":{"line":68,"column":30},"end":{"line":68,"column":54}},"34":{"start":{"line":68,"column":36},"end":{"line":68,"column":54}},"35":{"start":{"line":69,"column":30},"end":{"line":69,"column":55}},"36":{"start":{"line":69,"column":36},"end":{"line":69,"column":55}},"37":{"start":{"line":71,"column":28},"end":{"line":77,"column":5}},"38":{"start":{"line":72,"column":8},"end":{"line":76,"column":9}},"39":{"start":{"line":73,"column":12},"end":{"line":73,"column":29}},"40":{"start":{"line":75,"column":12},"end":{"line":75,"column":44}},"41":{"start":{"line":79,"column":32},"end":{"line":90,"column":5}},"42":{"start":{"line":80,"column":8},"end":{"line":89,"column":9}},"43":{"start":{"line":81,"column":12},"end":{"line":81,"column":65}},"44":{"start":{"line":82,"column":12},"end":{"line":82,"column":31}},"45":{"start":{"line":83,"column":12},"end":{"line":83,"column":32}},"46":{"start":{"line":84,"column":12},"end":{"line":84,"column":84}},"47":{"start":{"line":85,"column":12},"end":{"line":85,"column":53}},"48":{"start":{"line":87,"column":12},"end":{"line":87,"column":76}},"49":{"start":{"line":88,"column":12},"end":{"line":88,"column":54}},"50":{"start":{"line":92,"column":34},"end":{"line":101,"column":5}},"51":{"start":{"line":93,"column":8},"end":{"line":100,"column":9}},"52":{"start":{"line":95,"column":12},"end":{"line":95,"column":52}},"53":{"start":{"line":97,"column":12},"end":{"line":97,"column":52}},"54":{"start":{"line":99,"column":12},"end":{"line":99,"column":91}},"55":{"start":{"line":104,"column":4},"end":{"line":110,"column":5}},"56":{"start":{"line":105,"column":8},"end":{"line":109,"column":10}},"57":{"start":{"line":113,"column":4},"end":{"line":131,"column":5}},"58":{"start":{"line":114,"column":8},"end":{"line":130,"column":10}},"59":{"start":{"line":123,"column":39},"end":{"line":123,"column":60}},"60":{"start":{"line":134,"column":4},"end":{"line":326,"column":6}},"61":{"start":{"line":166,"column":43},"end":{"line":166,"column":58}},"62":{"start":{"line":233,"column":28},"end":{"line":250,"column":null}},"63":{"start":{"line":280,"column":35},"end":{"line":280,"column":50}},"64":{"start":{"line":306,"column":43},"end":{"line":306,"column":60}},"65":{"start":{"line":318,"column":48},"end":{"line":318,"column":65}},"66":{"start":{"line":319,"column":46},"end":{"line":319,"column":63}}},"fnMap":{"0":{"name":"(anonymous_0)","decl":{"start":{"line":27,"column":32},"end":{"line":27,"column":35}},"loc":{"start":{"line":27,"column":37},"end":{"line":327,"column":1}}},"1":{"name":"(anonymous_1)","decl":{"start":{"line":33,"column":44},"end":{"line":33,"column":45}},"loc":{"start":{"line":33,"column":55},"end":{"line":33,"column":76}}},"2":{"name":"(anonymous_2)","decl":{"start":{"line":34,"column":42},"end":{"line":34,"column":43}},"loc":{"start":{"line":34,"column":53},"end":{"line":34,"column":72}}},"3":{"name":"(anonymous_3)","decl":{"start":{"line":35,"column":39},"end":{"line":35,"column":40}},"loc":{"start":{"line":35,"column":46},"end":{"line":35,"column":58}}},"4":{"name":"(anonymous_4)","decl":{"start":{"line":36,"column":43},"end":{"line":36,"column":44}},"loc":{"start":{"line":36,"column":50},"end":{"line":36,"column":66}}},"5":{"name":"(anonymous_5)","decl":{"start":{"line":37,"column":42},"end":{"line":37,"column":43}},"loc":{"start":{"line":37,"column":49},"end":{"line":37,"column":64}}},"6":{"name":"(anonymous_6)","decl":{"start":{"line":44,"column":14},"end":{"line":44,"column":17}},"loc":{"start":{"line":44,"column":19},"end":{"line":49,"column":5}}},"7":{"name":"(anonymous_7)","decl":{"start":{"line":53,"column":38},"end":{"line":53,"column":39}},"loc":{"start":{"line":53,"column":51},"end":{"line":53,"column":68}}},"8":{"name":"(anonymous_8)","decl":{"start":{"line":64,"column":34},"end":{"line":64,"column":37}},"loc":{"start":{"line":64,"column":40},"end":{"line":64,"column":87}}},"9":{"name":"(anonymous_9)","decl":{"start":{"line":65,"column":40},"end":{"line":65,"column":43}},"loc":{"start":{"line":65,"column":46},"end":{"line":65,"column":94}}},"10":{"name":"(anonymous_10)","decl":{"start":{"line":66,"column":27},"end":{"line":66,"column":30}},"loc":{"start":{"line":66,"column":33},"end":{"line":66,"column":59}}},"11":{"name":"(anonymous_11)","decl":{"start":{"line":68,"column":30},"end":{"line":68,"column":33}},"loc":{"start":{"line":68,"column":36},"end":{"line":68,"column":54}}},"12":{"name":"(anonymous_12)","decl":{"start":{"line":69,"column":30},"end":{"line":69,"column":33}},"loc":{"start":{"line":69,"column":36},"end":{"line":69,"column":55}}},"13":{"name":"(anonymous_13)","decl":{"start":{"line":71,"column":28},"end":{"line":71,"column":31}},"loc":{"start":{"line":71,"column":33},"end":{"line":77,"column":5}}},"14":{"name":"(anonymous_14)","decl":{"start":{"line":79,"column":32},"end":{"line":79,"column":35}},"loc":{"start":{"line":79,"column":37},"end":{"line":90,"column":5}}},"15":{"name":"(anonymous_15)","decl":{"start":{"line":92,"column":34},"end":{"line":92,"column":35}},"loc":{"start":{"line":92,"column":53},"end":{"line":101,"column":5}}},"16":{"name":"(anonymous_16)","decl":{"start":{"line":123,"column":33},"end":{"line":123,"column":36}},"loc":{"start":{"line":123,"column":39},"end":{"line":123,"column":60}}},"17":{"name":"(anonymous_17)","decl":{"start":{"line":166,"column":37},"end":{"line":166,"column":40}},"loc":{"start":{"line":166,"column":43},"end":{"line":166,"column":58}}},"18":{"name":"(anonymous_18)","decl":{"start":{"line":232,"column":43},"end":{"line":232,"column":44}},"loc":{"start":{"line":233,"column":28},"end":{"line":250,"column":null}}},"19":{"name":"(anonymous_19)","decl":{"start":{"line":280,"column":29},"end":{"line":280,"column":32}},"loc":{"start":{"line":280,"column":35},"end":{"line":280,"column":50}}},"20":{"name":"(anonymous_20)","decl":{"start":{"line":306,"column":37},"end":{"line":306,"column":40}},"loc":{"start":{"line":306,"column":43},"end":{"line":306,"column":60}}},"21":{"name":"(anonymous_21)","decl":{"start":{"line":318,"column":42},"end":{"line":318,"column":45}},"loc":{"start":{"line":318,"column":48},"end":{"line":318,"column":65}}},"22":{"name":"(anonymous_22)","decl":{"start":{"line":319,"column":40},"end":{"line":319,"column":43}},"loc":{"start":{"line":319,"column":46},"end":{"line":319,"column":63}}}},"branchMap":{"0":{"loc":{"start":{"line":45,"column":8},"end":{"line":48,"column":9}},"type":"if","locations":[{"start":{"line":45,"column":8},"end":{"line":48,"column":9}}]},"1":{"loc":{"start":{"line":45,"column":12},"end":{"line":45,"column":46}},"type":"binary-expr","locations":[{"start":{"line":45,"column":12},"end":{"line":45,"column":20}},{"start":{"line":45,"column":24},"end":{"line":45,"column":28}},{"start":{"line":45,"column":32},"end":{"line":45,"column":46}}]},"2":{"loc":{"start":{"line":56,"column":16},"end":{"line":56,"column":24}},"type":"cond-expr","locations":[{"start":{"line":56,"column":20},"end":{"line":56,"column":22}},{"start":{"line":56,"column":16},"end":{"line":56,"column":24}}]},"3":{"loc":{"start":{"line":56,"column":16},"end":{"line":56,"column":22}},"type":"binary-expr","locations":[{"start":{"line":56,"column":16},"end":{"line":56,"column":22}},{"start":{"line":56,"column":16},"end":{"line":56,"column":22}}]},"4":{"loc":{"start":{"line":64,"column":46},"end":{"line":64,"column":64}},"type":"cond-expr","locations":[{"start":{"line":64,"column":53},"end":{"line":64,"column":55}},{"start":{"line":64,"column":46},"end":{"line":64,"column":64}}]},"5":{"loc":{"start":{"line":64,"column":46},"end":{"line":64,"column":55}},"type":"binary-expr","locations":[{"start":{"line":64,"column":46},"end":{"line":64,"column":55}},{"start":{"line":64,"column":46},"end":{"line":64,"column":55}}]},"6":{"loc":{"start":{"line":64,"column":90},"end":{"line":64,"column":108}},"type":"cond-expr","locations":[{"start":{"line":64,"column":97},"end":{"line":64,"column":99}},{"start":{"line":64,"column":90},"end":{"line":64,"column":108}}]},"7":{"loc":{"start":{"line":64,"column":90},"end":{"line":64,"column":99}},"type":"binary-expr","locations":[{"start":{"line":64,"column":90},"end":{"line":64,"column":99}},{"start":{"line":64,"column":90},"end":{"line":64,"column":99}}]},"8":{"loc":{"start":{"line":65,"column":52},"end":{"line":65,"column":71}},"type":"cond-expr","locations":[{"start":{"line":65,"column":59},"end":{"line":65,"column":61}},{"start":{"line":65,"column":52},"end":{"line":65,"column":71}}]},"9":{"loc":{"start":{"line":65,"column":52},"end":{"line":65,"column":61}},"type":"binary-expr","locations":[{"start":{"line":65,"column":52},"end":{"line":65,"column":61}},{"start":{"line":65,"column":52},"end":{"line":65,"column":61}}]},"10":{"loc":{"start":{"line":65,"column":97},"end":{"line":65,"column":116}},"type":"cond-expr","locations":[{"start":{"line":65,"column":104},"end":{"line":65,"column":106}},{"start":{"line":65,"column":97},"end":{"line":65,"column":116}}]},"11":{"loc":{"start":{"line":65,"column":97},"end":{"line":65,"column":106}},"type":"binary-expr","locations":[{"start":{"line":65,"column":97},"end":{"line":65,"column":106}},{"start":{"line":65,"column":97},"end":{"line":65,"column":106}}]},"12":{"loc":{"start":{"line":66,"column":33},"end":{"line":66,"column":48}},"type":"cond-expr","locations":[{"start":{"line":66,"column":40},"end":{"line":66,"column":42}},{"start":{"line":66,"column":33},"end":{"line":66,"column":48}}]},"13":{"loc":{"start":{"line":66,"column":33},"end":{"line":66,"column":42}},"type":"binary-expr","locations":[{"start":{"line":66,"column":33},"end":{"line":66,"column":42}},{"start":{"line":66,"column":33},"end":{"line":66,"column":42}}]},"14":{"loc":{"start":{"line":66,"column":62},"end":{"line":66,"column":77}},"type":"cond-expr","locations":[{"start":{"line":66,"column":69},"end":{"line":66,"column":71}},{"start":{"line":66,"column":62},"end":{"line":66,"column":77}}]},"15":{"loc":{"start":{"line":66,"column":62},"end":{"line":66,"column":71}},"type":"binary-expr","locations":[{"start":{"line":66,"column":62},"end":{"line":66,"column":71}},{"start":{"line":66,"column":62},"end":{"line":66,"column":71}}]},"16":{"loc":{"start":{"line":72,"column":8},"end":{"line":76,"column":9}},"type":"if","locations":[{"start":{"line":72,"column":8},"end":{"line":76,"column":9}},{"start":{"line":74,"column":15},"end":{"line":76,"column":9}}]},"17":{"loc":{"start":{"line":93,"column":8},"end":{"line":100,"column":9}},"type":"switch","locations":[{"start":{"line":94,"column":10},"end":{"line":95,"column":52}},{"start":{"line":96,"column":10},"end":{"line":97,"column":52}},{"start":{"line":98,"column":10},"end":{"line":99,"column":91}}]},"18":{"loc":{"start":{"line":104,"column":4},"end":{"line":110,"column":5}},"type":"if","locations":[{"start":{"line":104,"column":4},"end":{"line":110,"column":5}}]},"19":{"loc":{"start":{"line":113,"column":4},"end":{"line":131,"column":5}},"type":"if","locations":[{"start":{"line":113,"column":4},"end":{"line":131,"column":5}}]},"20":{"loc":{"start":{"line":168,"column":29},"end":{"line":168,"column":72}},"type":"cond-expr","locations":[{"start":{"line":168,"column":38},"end":{"line":168,"column":55}},{"start":{"line":168,"column":58},"end":{"line":168,"column":72}}]},"21":{"loc":{"start":{"line":282,"column":21},"end":{"line":282,"column":64}},"type":"cond-expr","locations":[{"start":{"line":282,"column":30},"end":{"line":282,"column":47}},{"start":{"line":282,"column":50},"end":{"line":282,"column":64}}]},"22":{"loc":{"start":{"line":296,"column":17},"end":{"line":322,"column":null}},"type":"binary-expr","locations":[{"start":{"line":296,"column":17},"end":{"line":296,"column":26}},{"start":{"line":296,"column":30},"end":{"line":296,"column":40}},{"start":{"line":297,"column":20},"end":{"line":321,"column":null}}]}},"s":{"0":0,"1":0,"2":0,"3":0,"4":0,"5":0,"6":0,"7":0,"8":0,"9":0,"10":0,"11":0,"12":0,"13":0,"14":0,"15":0,"16":0,"17":0,"18":0,"19":0,"20":0,"21":0,"22":0,"23":0,"24":0,"25":0,"26":0,"27":0,"28":0,"29":0,"30":0,"31":0,"32":0,"33":0,"34":0,"35":0,"36":0,"37":0,"38":0,"39":0,"40":0,"41":0,"42":0,"43":0,"44":0,"45":0,"46":0,"47":0,"48":0,"49":0,"50":0,"51":0,"52":0,"53":0,"54":0,"55":0,"56":0,"57":0,"58":0,"59":0,"60":0,"61":0,"62":0,"63":0,"64":0,"65":0,"66":0},"f":{"0":0,"1":0,"2":0,"3":0,"4":0,"5":0,"6":0,"7":0,"8":0,"9":0,"10":0,"11":0,"12":0,"13":0,"14":0,"15":0,"16":0,"17":0,"18":0,"19":0,"20":0,"21":0,"22":0},"b":{"0":[0],"1":[0,0,0],"2":[0,0],"3":[0,0],"4":[0,0],"5":[0,0],"6":[0,0],"7":[0,0],"8":[0,0],"9":[0,0],"10":[0,0],"11":[0,0],"12":[0,0],"13":[0,0],"14":[0,0],"15":[0,0],"16":[0,0],"17":[0,0,0],"18":[0],"19":[0],"20":[0,0],"21":[0,0],"22":[0,0,0]}}
,"/Users/rubenhdzal/Documents/Documents - Ruben’s MacBook Pro/PLATZI/PROYECTOS2.0/FrontendMentorChallenges/InvoiceApp/project/invoice-app/src/pages/invoices/InvoiceList.tsx": {"path":"/Users/rubenhdzal/Documents/Documents - Ruben’s MacBook Pro/PLATZI/PROYECTOS2.0/FrontendMentorChallenges/InvoiceApp/project/invoice-app/src/pages/invoices/InvoiceList.tsx","statementMap":{"0":{"start":{"line":8,"column":20},"end":{"line":92,"column":1}},"1":{"start":{"line":9,"column":31},"end":{"line":9,"column":40}},"2":{"start":{"line":10,"column":23},"end":{"line":10,"column":67}},"3":{"start":{"line":10,"column":50},"end":{"line":10,"column":66}},"4":{"start":{"line":11,"column":29},"end":{"line":11,"column":79}},"5":{"start":{"line":11,"column":56},"end":{"line":11,"column":78}},"6":{"start":{"line":12,"column":28},"end":{"line":12,"column":77}},"7":{"start":{"line":12,"column":55},"end":{"line":12,"column":76}},"8":{"start":{"line":13,"column":35},"end":{"line":13,"column":91}},"9":{"start":{"line":13,"column":62},"end":{"line":13,"column":90}},"10":{"start":{"line":14,"column":20},"end":{"line":14,"column":61}},"11":{"start":{"line":14,"column":47},"end":{"line":14,"column":60}},"12":{"start":{"line":15,"column":26},"end":{"line":15,"column":73}},"13":{"start":{"line":15,"column":53},"end":{"line":15,"column":72}},"14":{"start":{"line":16,"column":24},"end":{"line":16,"column":69}},"15":{"start":{"line":16,"column":51},"end":{"line":16,"column":68}},"16":{"start":{"line":19,"column":4},"end":{"line":40,"column":107}},"17":{"start":{"line":20,"column":8},"end":{"line":39,"column":9}},"18":{"start":{"line":21,"column":12},"end":{"line":38,"column":13}},"19":{"start":{"line":23,"column":16},"end":{"line":23,"column":70}},"20":{"start":{"line":24,"column":16},"end":{"line":24,"column":83}},"21":{"start":{"line":26,"column":16},"end":{"line":30,"column":17}},"22":{"start":{"line":27,"column":20},"end":{"line":27,"column":77}},"23":{"start":{"line":28,"column":20},"end":{"line":28,"column":40}},"24":{"start":{"line":29,"column":20},"end":{"line":29,"column":52}},"25":{"start":{"line":33,"column":16},"end":{"line":33,"column":70}},"26":{"start":{"line":36,"column":16},"end":{"line":36,"column":77}},"27":{"start":{"line":37,"column":16},"end":{"line":37,"column":35}},"28":{"start":{"line":43,"column":4},"end":{"line":49,"column":5}},"29":{"start":{"line":44,"column":8},"end":{"line":48,"column":10}},"30":{"start":{"line":52,"column":4},"end":{"line":65,"column":5}},"31":{"start":{"line":53,"column":8},"end":{"line":64,"column":10}},"32":{"start":{"line":68,"column":25},"end":{"line":68,"column":42}},"33":{"start":{"line":72,"column":8},"end":{"line":74,"column":72}},"34":{"start":{"line":74,"column":43},"end":{"line":74,"column":71}},"35":{"start":{"line":76,"column":4},"end":{"line":91,"column":6}},"36":{"start":{"line":83,"column":28},"end":{"line":83,"column":78}}},"fnMap":{"0":{"name":"(anonymous_0)","decl":{"start":{"line":8,"column":20},"end":{"line":8,"column":23}},"loc":{"start":{"line":8,"column":25},"end":{"line":92,"column":1}}},"1":{"name":"(anonymous_1)","decl":{"start":{"line":10,"column":39},"end":{"line":10,"column":40}},"loc":{"start":{"line":10,"column":50},"end":{"line":10,"column":66}}},"2":{"name":"(anonymous_2)","decl":{"start":{"line":11,"column":45},"end":{"line":11,"column":46}},"loc":{"start":{"line":11,"column":56},"end":{"line":11,"column":78}}},"3":{"name":"(anonymous_3)","decl":{"start":{"line":12,"column":44},"end":{"line":12,"column":45}},"loc":{"start":{"line":12,"column":55},"end":{"line":12,"column":76}}},"4":{"name":"(anonymous_4)","decl":{"start":{"line":13,"column":51},"end":{"line":13,"column":52}},"loc":{"start":{"line":13,"column":62},"end":{"line":13,"column":90}}},"5":{"name":"(anonymous_5)","decl":{"start":{"line":14,"column":36},"end":{"line":14,"column":37}},"loc":{"start":{"line":14,"column":47},"end":{"line":14,"column":60}}},"6":{"name":"(anonymous_6)","decl":{"start":{"line":15,"column":42},"end":{"line":15,"column":43}},"loc":{"start":{"line":15,"column":53},"end":{"line":15,"column":72}}},"7":{"name":"(anonymous_7)","decl":{"start":{"line":16,"column":40},"end":{"line":16,"column":41}},"loc":{"start":{"line":16,"column":51},"end":{"line":16,"column":68}}},"8":{"name":"(anonymous_8)","decl":{"start":{"line":19,"column":14},"end":{"line":19,"column":17}},"loc":{"start":{"line":19,"column":19},"end":{"line":40,"column":5}}},"9":{"name":"(anonymous_9)","decl":{"start":{"line":74,"column":34},"end":{"line":74,"column":35}},"loc":{"start":{"line":74,"column":43},"end":{"line":74,"column":71}}},"10":{"name":"(anonymous_10)","decl":{"start":{"line":82,"column":38},"end":{"line":82,"column":39}},"loc":{"start":{"line":83,"column":28},"end":{"line":83,"column":78}}}},"branchMap":{"0":{"loc":{"start":{"line":20,"column":8},"end":{"line":39,"column":9}},"type":"if","locations":[{"start":{"line":20,"column":8},"end":{"line":39,"column":9}}]},"1":{"loc":{"start":{"line":21,"column":12},"end":{"line":38,"column":13}},"type":"if","locations":[{"start":{"line":21,"column":12},"end":{"line":38,"column":13}},{"start":{"line":34,"column":19},"end":{"line":38,"column":13}}]},"2":{"loc":{"start":{"line":26,"column":16},"end":{"line":30,"column":17}},"type":"if","locations":[{"start":{"line":26,"column":16},"end":{"line":30,"column":17}}]},"3":{"loc":{"start":{"line":43,"column":4},"end":{"line":49,"column":5}},"type":"if","locations":[{"start":{"line":43,"column":4},"end":{"line":49,"column":5}}]},"4":{"loc":{"start":{"line":52,"column":4},"end":{"line":65,"column":5}},"type":"if","locations":[{"start":{"line":52,"column":4},"end":{"line":65,"column":5}}]},"5":{"loc":{"start":{"line":72,"column":8},"end":{"line":74,"column":72}},"type":"cond-expr","locations":[{"start":{"line":73,"column":14},"end":{"line":73,"column":26}},{"start":{"line":74,"column":14},"end":{"line":74,"column":72}}]},"6":{"loc":{"start":{"line":72,"column":8},"end":{"line":72,"column":55}},"type":"binary-expr","locations":[{"start":{"line":72,"column":8},"end":{"line":72,"column":31}},{"start":{"line":72,"column":35},"end":{"line":72,"column":55}}]},"7":{"loc":{"start":{"line":80,"column":17},"end":{"line":87,"column":null}},"type":"cond-expr","locations":[{"start":{"line":81,"column":20},"end":{"line":84,"column":null}},{"start":{"line":87,"column":20},"end":{"line":87,"column":37}}]}},"s":{"0":0,"1":0,"2":0,"3":0,"4":0,"5":0,"6":0,"7":0,"8":0,"9":0,"10":0,"11":0,"12":0,"13":0,"14":0,"15":0,"16":0,"17":0,"18":0,"19":0,"20":0,"21":0,"22":0,"23":0,"24":0,"25":0,"26":0,"27":0,"28":0,"29":0,"30":0,"31":0,"32":0,"33":0,"34":0,"35":0,"36":0},"f":{"0":0,"1":0,"2":0,"3":0,"4":0,"5":0,"6":0,"7":0,"8":0,"9":0,"10":0},"b":{"0":[0],"1":[0,0],"2":[0],"3":[0],"4":[0],"5":[0,0],"6":[0,0],"7":[0,0]}}
,"/Users/rubenhdzal/Documents/Documents - Ruben’s MacBook Pro/PLATZI/PROYECTOS2.0/FrontendMentorChallenges/InvoiceApp/project/invoice-app/src/store/InvoiceStore.tsx": {"path":"/Users/rubenhdzal/Documents/Documents - Ruben’s MacBook Pro/PLATZI/PROYECTOS2.0/FrontendMentorChallenges/InvoiceApp/project/invoice-app/src/store/InvoiceStore.tsx","statementMap":{"0":{"start":{"line":63,"column":31},"end":{"line":238,"column":null}},"1":{"start":{"line":65,"column":21},"end":{"line":227,"column":8}},"2":{"start":{"line":71,"column":10},"end":{"line":71,"column":58}},"3":{"start":{"line":72,"column":10},"end":{"line":72,"column":41}},"4":{"start":{"line":76,"column":10},"end":{"line":76,"column":50}},"5":{"start":{"line":77,"column":10},"end":{"line":80,"column":13}},"6":{"start":{"line":84,"column":36},"end":{"line":84,"column":41}},"7":{"start":{"line":85,"column":10},"end":{"line":88,"column":11}},"8":{"start":{"line":86,"column":12},"end":{"line":86,"column":63}},"9":{"start":{"line":87,"column":12},"end":{"line":87,"column":19}},"10":{"start":{"line":90,"column":10},"end":{"line":90,"column":80}},"11":{"start":{"line":91,"column":10},"end":{"line":94,"column":13}},"12":{"start":{"line":98,"column":46},"end":{"line":98,"column":51}},"13":{"start":{"line":99,"column":10},"end":{"line":102,"column":11}},"14":{"start":{"line":100,"column":12},"end":{"line":100,"column":50}},"15":{"start":{"line":101,"column":12},"end":{"line":101,"column":22}},"16":{"start":{"line":104,"column":31},"end":{"line":104,"column":91}},"17":{"start":{"line":104,"column":58},"end":{"line":104,"column":90}},"18":{"start":{"line":105,"column":10},"end":{"line":105,"column":92}},"19":{"start":{"line":106,"column":10},"end":{"line":106,"column":30}},"20":{"start":{"line":110,"column":31},"end":{"line":110,"column":36}},"21":{"start":{"line":111,"column":34},"end":{"line":111,"column":85}},"22":{"start":{"line":111,"column":59},"end":{"line":111,"column":84}},"23":{"start":{"line":113,"column":10},"end":{"line":118,"column":11}},"24":{"start":{"line":114,"column":12},"end":{"line":114,"column":80}},"25":{"start":{"line":116,"column":37},"end":{"line":116,"column":89}},"26":{"start":{"line":116,"column":60},"end":{"line":116,"column":81}},"27":{"start":{"line":117,"column":12},"end":{"line":117,"column":92}},"28":{"start":{"line":122,"column":36},"end":{"line":122,"column":41}},"29":{"start":{"line":123,"column":10},"end":{"line":126,"column":11}},"30":{"start":{"line":124,"column":12},"end":{"line":124,"column":67}},"31":{"start":{"line":125,"column":12},"end":{"line":125,"column":19}},"32":{"start":{"line":128,"column":23},"end":{"line":128,"column":67}},"33":{"start":{"line":129,"column":10},"end":{"line":129,"column":79}},"34":{"start":{"line":131,"column":10},"end":{"line":133,"column":14}},"35":{"start":{"line":131,"column":26},"end":{"line":133,"column":12}},"36":{"start":{"line":137,"column":36},"end":{"line":137,"column":41}},"37":{"start":{"line":138,"column":10},"end":{"line":141,"column":11}},"38":{"start":{"line":139,"column":12},"end":{"line":139,"column":70}},"39":{"start":{"line":140,"column":12},"end":{"line":140,"column":19}},"40":{"start":{"line":143,"column":23},"end":{"line":143,"column":67}},"41":{"start":{"line":144,"column":10},"end":{"line":144,"column":82}},"42":{"start":{"line":146,"column":10},"end":{"line":152,"column":14}},"43":{"start":{"line":146,"column":26},"end":{"line":152,"column":12}},"44":{"start":{"line":148,"column":14},"end":{"line":150,"column":22}},"45":{"start":{"line":156,"column":36},"end":{"line":156,"column":41}},"46":{"start":{"line":157,"column":10},"end":{"line":160,"column":11}},"47":{"start":{"line":158,"column":12},"end":{"line":158,"column":70}},"48":{"start":{"line":159,"column":12},"end":{"line":159,"column":19}},"49":{"start":{"line":162,"column":10},"end":{"line":162,"column":93}},"50":{"start":{"line":164,"column":10},"end":{"line":171,"column":14}},"51":{"start":{"line":164,"column":26},"end":{"line":171,"column":12}},"52":{"start":{"line":166,"column":14},"end":{"line":166,"column":76}},"53":{"start":{"line":166,"column":65},"end":{"line":166,"column":76}},"54":{"start":{"line":167,"column":32},"end":{"line":167,"column":74}},"55":{"start":{"line":168,"column":14},"end":{"line":168,"column":82}},"56":{"start":{"line":169,"column":14},"end":{"line":169,"column":51}},"57":{"start":{"line":175,"column":36},"end":{"line":175,"column":41}},"58":{"start":{"line":176,"column":10},"end":{"line":179,"column":11}},"59":{"start":{"line":177,"column":12},"end":{"line":177,"column":70}},"60":{"start":{"line":178,"column":12},"end":{"line":178,"column":19}},"61":{"start":{"line":181,"column":10},"end":{"line":181,"column":79}},"62":{"start":{"line":183,"column":10},"end":{"line":187,"column":14}},"63":{"start":{"line":183,"column":26},"end":{"line":187,"column":12}},"64":{"start":{"line":185,"column":24},"end":{"line":185,"column":74}},"65":{"start":{"line":191,"column":10},"end":{"line":191,"column":54}},"66":{"start":{"line":192,"column":10},"end":{"line":192,"column":27}},"67":{"start":{"line":196,"column":30},"end":{"line":196,"column":35}},"68":{"start":{"line":198,"column":10},"end":{"line":208,"column":11}},"69":{"start":{"line":199,"column":12},"end":{"line":199,"column":27}},"70":{"start":{"line":201,"column":31},"end":{"line":201,"column":65}},"71":{"start":{"line":201,"column":53},"end":{"line":201,"column":64}},"72":{"start":{"line":202,"column":12},"end":{"line":206,"column":13}},"73":{"start":{"line":203,"column":14},"end":{"line":203,"column":60}},"74":{"start":{"line":203,"column":46},"end":{"line":203,"column":58}},"75":{"start":{"line":205,"column":14},"end":{"line":205,"column":45}},"76":{"start":{"line":207,"column":12},"end":{"line":207,"column":50}},"77":{"start":{"line":207,"column":35},"end":{"line":207,"column":50}},"78":{"start":{"line":209,"column":10},"end":{"line":209,"column":64}},"79":{"start":{"line":210,"column":10},"end":{"line":210,"column":33}},"80":{"start":{"line":215,"column":31},"end":{"line":215,"column":36}},"81":{"start":{"line":216,"column":26},"end":{"line":216,"column":71}},"82":{"start":{"line":216,"column":58},"end":{"line":216,"column":68}},"83":{"start":{"line":217,"column":10},"end":{"line":217,"column":62}},"84":{"start":{"line":218,"column":10},"end":{"line":218,"column":25}},"85":{"start":{"line":222,"column":31},"end":{"line":222,"column":36}},"86":{"start":{"line":223,"column":24},"end":{"line":223,"column":76}},"87":{"start":{"line":223,"column":47},"end":{"line":223,"column":68}},"88":{"start":{"line":224,"column":10},"end":{"line":224,"column":65}},"89":{"start":{"line":225,"column":10},"end":{"line":225,"column":23}},"90":{"start":{"line":232,"column":32},"end":{"line":236,"column":10}}},"fnMap":{"0":{"name":"(anonymous_0)","decl":{"start":{"line":65,"column":6},"end":{"line":65,"column":7}},"loc":{"start":{"line":65,"column":21},"end":{"line":227,"column":8}}},"1":{"name":"(anonymous_1)","decl":{"start":{"line":70,"column":24},"end":{"line":70,"column":25}},"loc":{"start":{"line":70,"column":50},"end":{"line":73,"column":9}}},"2":{"name":"(anonymous_2)","decl":{"start":{"line":75,"column":26},"end":{"line":75,"column":29}},"loc":{"start":{"line":75,"column":31},"end":{"line":81,"column":9}}},"3":{"name":"(anonymous_3)","decl":{"start":{"line":83,"column":20},"end":{"line":83,"column":21}},"loc":{"start":{"line":83,"column":42},"end":{"line":95,"column":9}}},"4":{"name":"(anonymous_4)","decl":{"start":{"line":97,"column":25},"end":{"line":97,"column":28}},"loc":{"start":{"line":97,"column":30},"end":{"line":107,"column":9}}},"5":{"name":"(anonymous_5)","decl":{"start":{"line":104,"column":47},"end":{"line":104,"column":54}},"loc":{"start":{"line":104,"column":58},"end":{"line":104,"column":90}}},"6":{"name":"(anonymous_6)","decl":{"start":{"line":109,"column":32},"end":{"line":109,"column":33}},"loc":{"start":{"line":109,"column":51},"end":{"line":119,"column":9}}},"7":{"name":"(anonymous_7)","decl":{"start":{"line":111,"column":48},"end":{"line":111,"column":55}},"loc":{"start":{"line":111,"column":59},"end":{"line":111,"column":84}}},"8":{"name":"(anonymous_8)","decl":{"start":{"line":116,"column":53},"end":{"line":116,"column":56}},"loc":{"start":{"line":116,"column":60},"end":{"line":116,"column":81}}},"9":{"name":"(anonymous_9)","decl":{"start":{"line":121,"column":20},"end":{"line":121,"column":21}},"loc":{"start":{"line":121,"column":36},"end":{"line":134,"column":9}}},"10":{"name":"(anonymous_10)","decl":{"start":{"line":131,"column":14},"end":{"line":131,"column":15}},"loc":{"start":{"line":131,"column":26},"end":{"line":133,"column":12}}},"11":{"name":"(anonymous_11)","decl":{"start":{"line":136,"column":23},"end":{"line":136,"column":24}},"loc":{"start":{"line":136,"column":39},"end":{"line":153,"column":9}}},"12":{"name":"(anonymous_12)","decl":{"start":{"line":146,"column":14},"end":{"line":146,"column":15}},"loc":{"start":{"line":146,"column":26},"end":{"line":152,"column":12}}},"13":{"name":"(anonymous_13)","decl":{"start":{"line":147,"column":41},"end":{"line":147,"column":42}},"loc":{"start":{"line":148,"column":14},"end":{"line":150,"column":22}}},"14":{"name":"(anonymous_14)","decl":{"start":{"line":155,"column":20},"end":{"line":155,"column":21}},"loc":{"start":{"line":155,"column":35},"end":{"line":172,"column":9}}},"15":{"name":"(anonymous_15)","decl":{"start":{"line":164,"column":14},"end":{"line":164,"column":15}},"loc":{"start":{"line":164,"column":26},"end":{"line":171,"column":12}}},"16":{"name":"(anonymous_16)","decl":{"start":{"line":165,"column":41},"end":{"line":165,"column":42}},"loc":{"start":{"line":165,"column":49},"end":{"line":170,"column":13}}},"17":{"name":"(anonymous_17)","decl":{"start":{"line":174,"column":23},"end":{"line":174,"column":24}},"loc":{"start":{"line":174,"column":38},"end":{"line":188,"column":9}}},"18":{"name":"(anonymous_18)","decl":{"start":{"line":183,"column":14},"end":{"line":183,"column":15}},"loc":{"start":{"line":183,"column":26},"end":{"line":187,"column":12}}},"19":{"name":"(anonymous_19)","decl":{"start":{"line":185,"column":14},"end":{"line":185,"column":15}},"loc":{"start":{"line":185,"column":24},"end":{"line":185,"column":74}}},"20":{"name":"(anonymous_20)","decl":{"start":{"line":190,"column":20},"end":{"line":190,"column":21}},"loc":{"start":{"line":190,"column":32},"end":{"line":193,"column":9}}},"21":{"name":"(anonymous_21)","decl":{"start":{"line":195,"column":22},"end":{"line":195,"column":23}},"loc":{"start":{"line":195,"column":41},"end":{"line":211,"column":9}}},"22":{"name":"(anonymous_22)","decl":{"start":{"line":201,"column":46},"end":{"line":201,"column":47}},"loc":{"start":{"line":201,"column":53},"end":{"line":201,"column":64}}},"23":{"name":"(anonymous_23)","decl":{"start":{"line":203,"column":39},"end":{"line":203,"column":40}},"loc":{"start":{"line":203,"column":46},"end":{"line":203,"column":58}}},"24":{"name":"(anonymous_24)","decl":{"start":{"line":214,"column":21},"end":{"line":214,"column":24}},"loc":{"start":{"line":214,"column":26},"end":{"line":219,"column":9}}},"25":{"name":"(anonymous_25)","decl":{"start":{"line":216,"column":51},"end":{"line":216,"column":54}},"loc":{"start":{"line":216,"column":58},"end":{"line":216,"column":68}}},"26":{"name":"(anonymous_26)","decl":{"start":{"line":221,"column":29},"end":{"line":221,"column":30}},"loc":{"start":{"line":221,"column":48},"end":{"line":226,"column":9}}},"27":{"name":"(anonymous_27)","decl":{"start":{"line":223,"column":40},"end":{"line":223,"column":43}},"loc":{"start":{"line":223,"column":47},"end":{"line":223,"column":68}}},"28":{"name":"(anonymous_28)","decl":{"start":{"line":232,"column":20},"end":{"line":232,"column":21}},"loc":{"start":{"line":232,"column":32},"end":{"line":236,"column":10}}}},"branchMap":{"0":{"loc":{"start":{"line":85,"column":10},"end":{"line":88,"column":11}},"type":"if","locations":[{"start":{"line":85,"column":10},"end":{"line":88,"column":11}}]},"1":{"loc":{"start":{"line":99,"column":10},"end":{"line":102,"column":11}},"type":"if","locations":[{"start":{"line":99,"column":10},"end":{"line":102,"column":11}}]},"2":{"loc":{"start":{"line":113,"column":10},"end":{"line":118,"column":11}},"type":"if","locations":[{"start":{"line":113,"column":10},"end":{"line":118,"column":11}},{"start":{"line":115,"column":17},"end":{"line":118,"column":11}}]},"3":{"loc":{"start":{"line":123,"column":10},"end":{"line":126,"column":11}},"type":"if","locations":[{"start":{"line":123,"column":10},"end":{"line":126,"column":11}}]},"4":{"loc":{"start":{"line":138,"column":10},"end":{"line":141,"column":11}},"type":"if","locations":[{"start":{"line":138,"column":10},"end":{"line":141,"column":11}}]},"5":{"loc":{"start":{"line":148,"column":14},"end":{"line":150,"column":22}},"type":"cond-expr","locations":[{"start":{"line":149,"column":18},"end":{"line":149,"column":25}},{"start":{"line":150,"column":18},"end":{"line":150,"column":22}}]},"6":{"loc":{"start":{"line":148,"column":14},"end":{"line":148,"column":69}},"type":"binary-expr","locations":[{"start":{"line":148,"column":14},"end":{"line":148,"column":36}},{"start":{"line":148,"column":40},"end":{"line":148,"column":69}}]},"7":{"loc":{"start":{"line":157,"column":10},"end":{"line":160,"column":11}},"type":"if","locations":[{"start":{"line":157,"column":10},"end":{"line":160,"column":11}}]},"8":{"loc":{"start":{"line":166,"column":14},"end":{"line":166,"column":76}},"type":"if","locations":[{"start":{"line":166,"column":14},"end":{"line":166,"column":76}}]},"9":{"loc":{"start":{"line":166,"column":18},"end":{"line":166,"column":63}},"type":"binary-expr","locations":[{"start":{"line":166,"column":18},"end":{"line":166,"column":31}},{"start":{"line":166,"column":35},"end":{"line":166,"column":63}}]},"10":{"loc":{"start":{"line":167,"column":32},"end":{"line":167,"column":74}},"type":"cond-expr","locations":[{"start":{"line":167,"column":56},"end":{"line":167,"column":65}},{"start":{"line":167,"column":68},"end":{"line":167,"column":74}}]},"11":{"loc":{"start":{"line":176,"column":10},"end":{"line":179,"column":11}},"type":"if","locations":[{"start":{"line":176,"column":10},"end":{"line":179,"column":11}}]},"12":{"loc":{"start":{"line":185,"column":26},"end":{"line":185,"column":73}},"type":"binary-expr","locations":[{"start":{"line":185,"column":26},"end":{"line":185,"column":40}},{"start":{"line":185,"column":44},"end":{"line":185,"column":73}}]},"13":{"loc":{"start":{"line":198,"column":10},"end":{"line":208,"column":11}},"type":"if","locations":[{"start":{"line":198,"column":10},"end":{"line":208,"column":11}},{"start":{"line":200,"column":17},"end":{"line":208,"column":11}}]},"14":{"loc":{"start":{"line":202,"column":12},"end":{"line":206,"column":13}},"type":"if","locations":[{"start":{"line":202,"column":12},"end":{"line":206,"column":13}},{"start":{"line":204,"column":19},"end":{"line":206,"column":13}}]},"15":{"loc":{"start":{"line":207,"column":12},"end":{"line":207,"column":50}},"type":"if","locations":[{"start":{"line":207,"column":12},"end":{"line":207,"column":50}}]}},"s":{"0":0,"1":0,"2":0,"3":0,"4":0,"5":0,"6":0,"7":0,"8":0,"9":0,"10":0,"11":0,"12":0,"13":0,"14":0,"15":0,"16":0,"17":0,"18":0,"19":0,"20":0,"21":0,"22":0,"23":0,"24":0,"25":0,"26":0,"27":0,"28":0,"29":0,"30":0,"31":0,"32":0,"33":0,"34":0,"35":0,"36":0,"37":0,"38":0,"39":0,"40":0,"41":0,"42":0,"43":0,"44":0,"45":0,"46":0,"47":0,"48":0,"49":0,"50":0,"51":0,"52":0,"53":0,"54":0,"55":0,"56":0,"57":0,"58":0,"59":0,"60":0,"61":0,"62":0,"63":0,"64":0,"65":0,"66":0,"67":0,"68":0,"69":0,"70":0,"71":0,"72":0,"73":0,"74":0,"75":0,"76":0,"77":0,"78":0,"79":0,"80":0,"81":0,"82":0,"83":0,"84":0,"85":0,"86":0,"87":0,"88":0,"89":0,"90":0},"f":{"0":0,"1":0,"2":0,"3":0,"4":0,"5":0,"6":0,"7":0,"8":0,"9":0,"10":0,"11":0,"12":0,"13":0,"14":0,"15":0,"16":0,"17":0,"18":0,"19":0,"20":0,"21":0,"22":0,"23":0,"24":0,"25":0,"26":0,"27":0,"28":0},"b":{"0":[0],"1":[0],"2":[0,0],"3":[0],"4":[0],"5":[0,0],"6":[0,0],"7":[0],"8":[0],"9":[0,0],"10":[0,0],"11":[0],"12":[0,0],"13":[0,0],"14":[0,0],"15":[0]}}
,"/Users/rubenhdzal/Documents/Documents - Ruben’s MacBook Pro/PLATZI/PROYECTOS2.0/FrontendMentorChallenges/InvoiceApp/project/invoice-app/src/utils/formatCurrency.ts": {"path":"/Users/rubenhdzal/Documents/Documents - Ruben’s MacBook Pro/PLATZI/PROYECTOS2.0/FrontendMentorChallenges/InvoiceApp/project/invoice-app/src/utils/formatCurrency.ts","statementMap":{"0":{"start":{"line":1,"column":0},"end":{"line":1,"column":16}},"1":{"start":{"line":2,"column":4},"end":{"line":6,"column":22}}},"fnMap":{"0":{"name":"formatCurrency","decl":{"start":{"line":1,"column":16},"end":{"line":1,"column":30}},"loc":{"start":{"line":1,"column":67},"end":{"line":7,"column":1}}}},"branchMap":{"0":{"loc":{"start":{"line":1,"column":47},"end":{"line":1,"column":67}},"type":"default-arg","locations":[{"start":{"line":1,"column":62},"end":{"line":1,"column":67}}]}},"s":{"0":1,"1":6},"f":{"0":6},"b":{"0":[6]}}
}
